#
# There is insufficient memory for the Java Runtime Environment to continue.
# Native memory allocation (malloc) failed to allocate 32744 bytes for ChunkPool::allocate
# Possible reasons:
#   The system is out of physical RAM or swap space
#   The process is running with CompressedOops enabled, and the Java Heap may be blocking the growth of the native heap
# Possible solutions:
#   Reduce memory load on the system
#   Increase physical memory or swap space
#   Check if swap backing store is full
#   Decrease Java heap size (-Xmx/-Xms)
#   Decrease number of Java threads
#   Decrease Java thread stack sizes (-Xss)
#   Set larger code cache with -XX:ReservedCodeCacheSize=
#   JVM is running with Zero Based Compressed Oops mode in which the Java heap is
#     placed in the first 32GB address space. The Java Heap base address is the
#     maximum limit for the native heap growth. Please use -XX:HeapBaseMinAddress
#     to set the Java Heap base and to place the Java Heap above 32GB virtual address.
# This output file may be truncated or incomplete.
#
#  Out of Memory Error (arena.cpp:78), pid=19856, tid=16740
#
# JRE version: Java(TM) SE Runtime Environment (17.0.7+8) (build 17.0.7+8-LTS-224)
# Java VM: Java HotSpot(TM) 64-Bit Server VM (17.0.7+8-LTS-224, mixed mode, sharing, tiered, compressed oops, compressed class ptrs, g1 gc, windows-amd64)
# No core dump will be written. Minidumps are not enabled by default on client versions of Windows
#

---------------  S U M M A R Y ------------

Command Line: -Dfile.encoding=UTF-8 --module-path=C:\Users\ryanm\NetBeansProjects\Bank management system\build\classes bank.management.system.SignupThree

Host: 11th Gen Intel(R) Core(TM) i5-1155G7 @ 2.50GHz, 8 cores, 11G,  Windows 11 , 64 bit Build 22621 (10.0.22621.1928)
Time: Mon Aug 14 02:44:17 2023 Eastern Daylight Time elapsed time: 472044.462990 seconds (5d 11h 7m 24s)

---------------  T H R E A D  ---------------

Current thread (0x000001dc75157b50):  JavaThread "C2 CompilerThread0" daemon [_thread_in_native, id=16740, stack(0x0000007327a00000,0x0000007327b00000)]


Current CompileTask:
C2:472044463 1085       4       java.util.HashMap$KeyIterator::next (8 bytes)

Stack: [0x0000007327a00000,0x0000007327b00000]
Native frames: (J=compiled Java code, j=interpreted, Vv=VM code, C=native code)
V  [jvm.dll+0x676a4a]
V  [jvm.dll+0x7d74f4]
V  [jvm.dll+0x7d8c9e]
V  [jvm.dll+0x7d9303]
V  [jvm.dll+0x2452c5]
V  [jvm.dll+0xaac80]
V  [jvm.dll+0xaafcc]
V  [jvm.dll+0x603d7e]
V  [jvm.dll+0x603f1f]
V  [jvm.dll+0x6097bc]
V  [jvm.dll+0x60a6dc]
V  [jvm.dll+0x608bb4]
V  [jvm.dll+0x21794e]
V  [jvm.dll+0x216f01]
V  [jvm.dll+0x1a35e0]
V  [jvm.dll+0x226a6e]
V  [jvm.dll+0x224e15]
V  [jvm.dll+0x78d05c]
V  [jvm.dll+0x78759a]
V  [jvm.dll+0x675875]
C  [ucrtbase.dll+0x29363]
C  [KERNEL32.DLL+0x126ad]
C  [ntdll.dll+0x5aa68]


---------------  P R O C E S S  ---------------

Threads class SMR info:
_java_thread_list=0x000001dc769a3700, length=16, elements={
0x000001dc7513e390, 0x000001dc7513ef40, 0x000001dc75150a60, 0x000001dc75151610,
0x000001dc751554f0, 0x000001dc75155ea0, 0x000001dc75157b50, 0x000001dc7515a510,
0x000001dc7515d8a0, 0x000001dc52db6380, 0x000001dc75d847d0, 0x000001dc75f6daf0,
0x000001dc75f70a90, 0x000001dc75e06ec0, 0x000001dc75ff4ac0, 0x000001dc52ce9c50
}

Java Threads: ( => current thread )
  0x000001dc7513e390 JavaThread "Reference Handler" daemon [_thread_blocked, id=10608, stack(0x0000007327400000,0x0000007327500000)]
  0x000001dc7513ef40 JavaThread "Finalizer" daemon [_thread_blocked, id=21204, stack(0x0000007327500000,0x0000007327600000)]
  0x000001dc75150a60 JavaThread "Signal Dispatcher" daemon [_thread_blocked, id=21056, stack(0x0000007327600000,0x0000007327700000)]
  0x000001dc75151610 JavaThread "Attach Listener" daemon [_thread_blocked, id=3364, stack(0x0000007327700000,0x0000007327800000)]
  0x000001dc751554f0 JavaThread "Service Thread" daemon [_thread_blocked, id=6800, stack(0x0000007327800000,0x0000007327900000)]
  0x000001dc75155ea0 JavaThread "Monitor Deflation Thread" daemon [_thread_blocked, id=8840, stack(0x0000007327900000,0x0000007327a00000)]
=>0x000001dc75157b50 JavaThread "C2 CompilerThread0" daemon [_thread_in_native, id=16740, stack(0x0000007327a00000,0x0000007327b00000)]
  0x000001dc7515a510 JavaThread "C1 CompilerThread0" daemon [_thread_blocked, id=18372, stack(0x0000007327b00000,0x0000007327c00000)]
  0x000001dc7515d8a0 JavaThread "Sweeper thread" daemon [_thread_blocked, id=19308, stack(0x0000007327c00000,0x0000007327d00000)]
  0x000001dc52db6380 JavaThread "Common-Cleaner" daemon [_thread_blocked, id=21596, stack(0x0000007327d00000,0x0000007327e00000)]
  0x000001dc75d847d0 JavaThread "Notification Thread" daemon [_thread_blocked, id=20028, stack(0x0000007327f00000,0x0000007328000000)]
  0x000001dc75f6daf0 JavaThread "Java2D Disposer" daemon [_thread_blocked, id=20488, stack(0x0000007328100000,0x0000007328200000)]
  0x000001dc75f70a90 JavaThread "AWT-Shutdown" [_thread_blocked, id=22060, stack(0x0000007328200000,0x0000007328300000)]
  0x000001dc75e06ec0 JavaThread "AWT-Windows" daemon [_thread_in_native, id=9496, stack(0x0000007328300000,0x0000007328400000)]
  0x000001dc75ff4ac0 JavaThread "AWT-EventQueue-0" [_thread_blocked, id=12696, stack(0x0000007328400000,0x0000007328500000)]
  0x000001dc52ce9c50 JavaThread "DestroyJavaVM" [_thread_blocked, id=16772, stack(0x0000007326d00000,0x0000007326e00000)]

Other Threads:
  0x000001dc751388f0 VMThread "VM Thread" [stack: 0x0000007327300000,0x0000007327400000] [id=20500]
  0x000001dc75cf3060 WatcherThread [stack: 0x0000007328000000,0x0000007328100000] [id=2716]
  0x000001dc52d40ab0 GCTaskThread "GC Thread#0" [stack: 0x0000007326e00000,0x0000007326f00000] [id=2516]
  0x000001dc52d4e5e0 ConcurrentGCThread "G1 Main Marker" [stack: 0x0000007326f00000,0x0000007327000000] [id=12936]
  0x000001dc52d4fea0 ConcurrentGCThread "G1 Conc#0" [stack: 0x0000007327000000,0x0000007327100000] [id=21556]
  0x000001dc52da5720 ConcurrentGCThread "G1 Refine#0" [stack: 0x0000007327100000,0x0000007327200000] [id=21540]
  0x000001dc750121d0 ConcurrentGCThread "G1 Service" [stack: 0x0000007327200000,0x0000007327300000] [id=3536]

Threads with active compile tasks:
C2 CompilerThread0  472044527 1085       4       java.util.HashMap$KeyIterator::next (8 bytes)

VM state: not at safepoint (normal execution)

VM Mutex/Monitor currently owned by a thread: None

Heap address: 0x0000000745800000, size: 2984 MB, Compressed Oops mode: Zero based, Oop shift amount: 3

CDS archive(s) mapped at: [0x0000000800000000-0x0000000800bd0000-0x0000000800bd0000), size 12386304, SharedBaseAddress: 0x0000000800000000, ArchiveRelocationMode: 0.
Compressed class space mapped at: 0x0000000800c00000-0x0000000840c00000, reserved size: 1073741824
Narrow klass base: 0x0000000800000000, Narrow klass shift: 0, Narrow klass range: 0x100000000

GC Precious Log:
 CPUs: 8 total, 8 available
 Memory: 11930M
 Large Page Support: Disabled
 NUMA Support: Disabled
 Compressed Oops: Enabled (Zero based)
 Heap Region Size: 2M
 Heap Min Capacity: 8M
 Heap Initial Capacity: 188M
 Heap Max Capacity: 2984M
 Pre-touch: Disabled
 Parallel Workers: 8
 Concurrent Workers: 2
 Concurrent Refinement Workers: 8
 Periodic GC: Disabled

Heap:
 garbage-first heap   total 192512K, used 18432K [0x0000000745800000, 0x0000000800000000)
  region size 2048K, 8 young (16384K), 0 survivors (0K)
 Metaspace       used 6868K, committed 7104K, reserved 1056768K
  class space    used 747K, committed 896K, reserved 1048576K

Heap Regions: E=young(eden), S=young(survivor), O=old, HS=humongous(starts), HC=humongous(continues), CS=collection set, F=free, OA=open archive, CA=closed archive, TAMS=top-at-mark-start (previous, next)
|   0|0x0000000745800000, 0x0000000745a00000, 0x0000000745a00000|100%|HS|  |TAMS 0x0000000745800000, 0x0000000745800000| Complete 
|   1|0x0000000745a00000, 0x0000000745c00000, 0x0000000745c00000|100%|HC|  |TAMS 0x0000000745a00000, 0x0000000745a00000| Complete 
|   2|0x0000000745c00000, 0x0000000745c00000, 0x0000000745e00000|  0%| F|  |TAMS 0x0000000745c00000, 0x0000000745c00000| Untracked 
|   3|0x0000000745e00000, 0x0000000745e00000, 0x0000000746000000|  0%| F|  |TAMS 0x0000000745e00000, 0x0000000745e00000| Untracked 
|   4|0x0000000746000000, 0x0000000746000000, 0x0000000746200000|  0%| F|  |TAMS 0x0000000746000000, 0x0000000746000000| Untracked 
|   5|0x0000000746200000, 0x0000000746200000, 0x0000000746400000|  0%| F|  |TAMS 0x0000000746200000, 0x0000000746200000| Untracked 
|   6|0x0000000746400000, 0x0000000746400000, 0x0000000746600000|  0%| F|  |TAMS 0x0000000746400000, 0x0000000746400000| Untracked 
|   7|0x0000000746600000, 0x0000000746600000, 0x0000000746800000|  0%| F|  |TAMS 0x0000000746600000, 0x0000000746600000| Untracked 
|   8|0x0000000746800000, 0x0000000746800000, 0x0000000746a00000|  0%| F|  |TAMS 0x0000000746800000, 0x0000000746800000| Untracked 
|   9|0x0000000746a00000, 0x0000000746a00000, 0x0000000746c00000|  0%| F|  |TAMS 0x0000000746a00000, 0x0000000746a00000| Untracked 
|  10|0x0000000746c00000, 0x0000000746c00000, 0x0000000746e00000|  0%| F|  |TAMS 0x0000000746c00000, 0x0000000746c00000| Untracked 
|  11|0x0000000746e00000, 0x0000000746e00000, 0x0000000747000000|  0%| F|  |TAMS 0x0000000746e00000, 0x0000000746e00000| Untracked 
|  12|0x0000000747000000, 0x0000000747000000, 0x0000000747200000|  0%| F|  |TAMS 0x0000000747000000, 0x0000000747000000| Untracked 
|  13|0x0000000747200000, 0x0000000747200000, 0x0000000747400000|  0%| F|  |TAMS 0x0000000747200000, 0x0000000747200000| Untracked 
|  14|0x0000000747400000, 0x0000000747400000, 0x0000000747600000|  0%| F|  |TAMS 0x0000000747400000, 0x0000000747400000| Untracked 
|  15|0x0000000747600000, 0x0000000747600000, 0x0000000747800000|  0%| F|  |TAMS 0x0000000747600000, 0x0000000747600000| Untracked 
|  16|0x0000000747800000, 0x0000000747800000, 0x0000000747a00000|  0%| F|  |TAMS 0x0000000747800000, 0x0000000747800000| Untracked 
|  17|0x0000000747a00000, 0x0000000747a00000, 0x0000000747c00000|  0%| F|  |TAMS 0x0000000747a00000, 0x0000000747a00000| Untracked 
|  18|0x0000000747c00000, 0x0000000747c00000, 0x0000000747e00000|  0%| F|  |TAMS 0x0000000747c00000, 0x0000000747c00000| Untracked 
|  19|0x0000000747e00000, 0x0000000747e00000, 0x0000000748000000|  0%| F|  |TAMS 0x0000000747e00000, 0x0000000747e00000| Untracked 
|  20|0x0000000748000000, 0x0000000748000000, 0x0000000748200000|  0%| F|  |TAMS 0x0000000748000000, 0x0000000748000000| Untracked 
|  21|0x0000000748200000, 0x0000000748200000, 0x0000000748400000|  0%| F|  |TAMS 0x0000000748200000, 0x0000000748200000| Untracked 
|  22|0x0000000748400000, 0x0000000748400000, 0x0000000748600000|  0%| F|  |TAMS 0x0000000748400000, 0x0000000748400000| Untracked 
|  23|0x0000000748600000, 0x0000000748600000, 0x0000000748800000|  0%| F|  |TAMS 0x0000000748600000, 0x0000000748600000| Untracked 
|  24|0x0000000748800000, 0x0000000748800000, 0x0000000748a00000|  0%| F|  |TAMS 0x0000000748800000, 0x0000000748800000| Untracked 
|  25|0x0000000748a00000, 0x0000000748a00000, 0x0000000748c00000|  0%| F|  |TAMS 0x0000000748a00000, 0x0000000748a00000| Untracked 
|  26|0x0000000748c00000, 0x0000000748c00000, 0x0000000748e00000|  0%| F|  |TAMS 0x0000000748c00000, 0x0000000748c00000| Untracked 
|  27|0x0000000748e00000, 0x0000000748e00000, 0x0000000749000000|  0%| F|  |TAMS 0x0000000748e00000, 0x0000000748e00000| Untracked 
|  28|0x0000000749000000, 0x0000000749000000, 0x0000000749200000|  0%| F|  |TAMS 0x0000000749000000, 0x0000000749000000| Untracked 
|  29|0x0000000749200000, 0x0000000749200000, 0x0000000749400000|  0%| F|  |TAMS 0x0000000749200000, 0x0000000749200000| Untracked 
|  30|0x0000000749400000, 0x0000000749400000, 0x0000000749600000|  0%| F|  |TAMS 0x0000000749400000, 0x0000000749400000| Untracked 
|  31|0x0000000749600000, 0x0000000749600000, 0x0000000749800000|  0%| F|  |TAMS 0x0000000749600000, 0x0000000749600000| Untracked 
|  32|0x0000000749800000, 0x0000000749800000, 0x0000000749a00000|  0%| F|  |TAMS 0x0000000749800000, 0x0000000749800000| Untracked 
|  33|0x0000000749a00000, 0x0000000749a00000, 0x0000000749c00000|  0%| F|  |TAMS 0x0000000749a00000, 0x0000000749a00000| Untracked 
|  34|0x0000000749c00000, 0x0000000749c00000, 0x0000000749e00000|  0%| F|  |TAMS 0x0000000749c00000, 0x0000000749c00000| Untracked 
|  35|0x0000000749e00000, 0x0000000749e00000, 0x000000074a000000|  0%| F|  |TAMS 0x0000000749e00000, 0x0000000749e00000| Untracked 
|  36|0x000000074a000000, 0x000000074a000000, 0x000000074a200000|  0%| F|  |TAMS 0x000000074a000000, 0x000000074a000000| Untracked 
|  37|0x000000074a200000, 0x000000074a200000, 0x000000074a400000|  0%| F|  |TAMS 0x000000074a200000, 0x000000074a200000| Untracked 
|  38|0x000000074a400000, 0x000000074a400000, 0x000000074a600000|  0%| F|  |TAMS 0x000000074a400000, 0x000000074a400000| Untracked 
|  39|0x000000074a600000, 0x000000074a600000, 0x000000074a800000|  0%| F|  |TAMS 0x000000074a600000, 0x000000074a600000| Untracked 
|  40|0x000000074a800000, 0x000000074a800000, 0x000000074aa00000|  0%| F|  |TAMS 0x000000074a800000, 0x000000074a800000| Untracked 
|  41|0x000000074aa00000, 0x000000074aa00000, 0x000000074ac00000|  0%| F|  |TAMS 0x000000074aa00000, 0x000000074aa00000| Untracked 
|  42|0x000000074ac00000, 0x000000074ac00000, 0x000000074ae00000|  0%| F|  |TAMS 0x000000074ac00000, 0x000000074ac00000| Untracked 
|  43|0x000000074ae00000, 0x000000074ae00000, 0x000000074b000000|  0%| F|  |TAMS 0x000000074ae00000, 0x000000074ae00000| Untracked 
|  44|0x000000074b000000, 0x000000074b000000, 0x000000074b200000|  0%| F|  |TAMS 0x000000074b000000, 0x000000074b000000| Untracked 
|  45|0x000000074b200000, 0x000000074b200000, 0x000000074b400000|  0%| F|  |TAMS 0x000000074b200000, 0x000000074b200000| Untracked 
|  46|0x000000074b400000, 0x000000074b400000, 0x000000074b600000|  0%| F|  |TAMS 0x000000074b400000, 0x000000074b400000| Untracked 
|  47|0x000000074b600000, 0x000000074b600000, 0x000000074b800000|  0%| F|  |TAMS 0x000000074b600000, 0x000000074b600000| Untracked 
|  48|0x000000074b800000, 0x000000074b800000, 0x000000074ba00000|  0%| F|  |TAMS 0x000000074b800000, 0x000000074b800000| Untracked 
|  49|0x000000074ba00000, 0x000000074ba00000, 0x000000074bc00000|  0%| F|  |TAMS 0x000000074ba00000, 0x000000074ba00000| Untracked 
|  50|0x000000074bc00000, 0x000000074bc00000, 0x000000074be00000|  0%| F|  |TAMS 0x000000074bc00000, 0x000000074bc00000| Untracked 
|  51|0x000000074be00000, 0x000000074be00000, 0x000000074c000000|  0%| F|  |TAMS 0x000000074be00000, 0x000000074be00000| Untracked 
|  52|0x000000074c000000, 0x000000074c000000, 0x000000074c200000|  0%| F|  |TAMS 0x000000074c000000, 0x000000074c000000| Untracked 
|  53|0x000000074c200000, 0x000000074c200000, 0x000000074c400000|  0%| F|  |TAMS 0x000000074c200000, 0x000000074c200000| Untracked 
|  54|0x000000074c400000, 0x000000074c400000, 0x000000074c600000|  0%| F|  |TAMS 0x000000074c400000, 0x000000074c400000| Untracked 
|  55|0x000000074c600000, 0x000000074c600000, 0x000000074c800000|  0%| F|  |TAMS 0x000000074c600000, 0x000000074c600000| Untracked 
|  56|0x000000074c800000, 0x000000074c800000, 0x000000074ca00000|  0%| F|  |TAMS 0x000000074c800000, 0x000000074c800000| Untracked 
|  57|0x000000074ca00000, 0x000000074ca00000, 0x000000074cc00000|  0%| F|  |TAMS 0x000000074ca00000, 0x000000074ca00000| Untracked 
|  58|0x000000074cc00000, 0x000000074cc00000, 0x000000074ce00000|  0%| F|  |TAMS 0x000000074cc00000, 0x000000074cc00000| Untracked 
|  59|0x000000074ce00000, 0x000000074ce00000, 0x000000074d000000|  0%| F|  |TAMS 0x000000074ce00000, 0x000000074ce00000| Untracked 
|  60|0x000000074d000000, 0x000000074d000000, 0x000000074d200000|  0%| F|  |TAMS 0x000000074d000000, 0x000000074d000000| Untracked 
|  61|0x000000074d200000, 0x000000074d200000, 0x000000074d400000|  0%| F|  |TAMS 0x000000074d200000, 0x000000074d200000| Untracked 
|  62|0x000000074d400000, 0x000000074d400000, 0x000000074d600000|  0%| F|  |TAMS 0x000000074d400000, 0x000000074d400000| Untracked 
|  63|0x000000074d600000, 0x000000074d600000, 0x000000074d800000|  0%| F|  |TAMS 0x000000074d600000, 0x000000074d600000| Untracked 
|  64|0x000000074d800000, 0x000000074d800000, 0x000000074da00000|  0%| F|  |TAMS 0x000000074d800000, 0x000000074d800000| Untracked 
|  65|0x000000074da00000, 0x000000074da00000, 0x000000074dc00000|  0%| F|  |TAMS 0x000000074da00000, 0x000000074da00000| Untracked 
|  66|0x000000074dc00000, 0x000000074dc00000, 0x000000074de00000|  0%| F|  |TAMS 0x000000074dc00000, 0x000000074dc00000| Untracked 
|  67|0x000000074de00000, 0x000000074de00000, 0x000000074e000000|  0%| F|  |TAMS 0x000000074de00000, 0x000000074de00000| Untracked 
|  68|0x000000074e000000, 0x000000074e000000, 0x000000074e200000|  0%| F|  |TAMS 0x000000074e000000, 0x000000074e000000| Untracked 
|  69|0x000000074e200000, 0x000000074e200000, 0x000000074e400000|  0%| F|  |TAMS 0x000000074e200000, 0x000000074e200000| Untracked 
|  70|0x000000074e400000, 0x000000074e400000, 0x000000074e600000|  0%| F|  |TAMS 0x000000074e400000, 0x000000074e400000| Untracked 
|  71|0x000000074e600000, 0x000000074e600000, 0x000000074e800000|  0%| F|  |TAMS 0x000000074e600000, 0x000000074e600000| Untracked 
|  72|0x000000074e800000, 0x000000074e800000, 0x000000074ea00000|  0%| F|  |TAMS 0x000000074e800000, 0x000000074e800000| Untracked 
|  73|0x000000074ea00000, 0x000000074ea00000, 0x000000074ec00000|  0%| F|  |TAMS 0x000000074ea00000, 0x000000074ea00000| Untracked 
|  74|0x000000074ec00000, 0x000000074ec00000, 0x000000074ee00000|  0%| F|  |TAMS 0x000000074ec00000, 0x000000074ec00000| Untracked 
|  75|0x000000074ee00000, 0x000000074ee00000, 0x000000074f000000|  0%| F|  |TAMS 0x000000074ee00000, 0x000000074ee00000| Untracked 
|  76|0x000000074f000000, 0x000000074f000000, 0x000000074f200000|  0%| F|  |TAMS 0x000000074f000000, 0x000000074f000000| Untracked 
|  77|0x000000074f200000, 0x000000074f200000, 0x000000074f400000|  0%| F|  |TAMS 0x000000074f200000, 0x000000074f200000| Untracked 
|  78|0x000000074f400000, 0x000000074f400000, 0x000000074f600000|  0%| F|  |TAMS 0x000000074f400000, 0x000000074f400000| Untracked 
|  79|0x000000074f600000, 0x000000074f600000, 0x000000074f800000|  0%| F|  |TAMS 0x000000074f600000, 0x000000074f600000| Untracked 
|  80|0x000000074f800000, 0x000000074f800000, 0x000000074fa00000|  0%| F|  |TAMS 0x000000074f800000, 0x000000074f800000| Untracked 
|  81|0x000000074fa00000, 0x000000074fa00000, 0x000000074fc00000|  0%| F|  |TAMS 0x000000074fa00000, 0x000000074fa00000| Untracked 
|  82|0x000000074fc00000, 0x000000074fc00000, 0x000000074fe00000|  0%| F|  |TAMS 0x000000074fc00000, 0x000000074fc00000| Untracked 
|  83|0x000000074fe00000, 0x000000074fe00000, 0x0000000750000000|  0%| F|  |TAMS 0x000000074fe00000, 0x000000074fe00000| Untracked 
|  84|0x0000000750000000, 0x0000000750000000, 0x0000000750200000|  0%| F|  |TAMS 0x0000000750000000, 0x0000000750000000| Untracked 
|  85|0x0000000750200000, 0x0000000750200000, 0x0000000750400000|  0%| F|  |TAMS 0x0000000750200000, 0x0000000750200000| Untracked 
|  86|0x0000000750400000, 0x0000000750600000, 0x0000000750600000|100%| E|  |TAMS 0x0000000750400000, 0x0000000750400000| Complete 
|  87|0x0000000750600000, 0x0000000750800000, 0x0000000750800000|100%| E|CS|TAMS 0x0000000750600000, 0x0000000750600000| Complete 
|  88|0x0000000750800000, 0x0000000750a00000, 0x0000000750a00000|100%| E|CS|TAMS 0x0000000750800000, 0x0000000750800000| Complete 
|  89|0x0000000750a00000, 0x0000000750c00000, 0x0000000750c00000|100%| E|CS|TAMS 0x0000000750a00000, 0x0000000750a00000| Complete 
|  90|0x0000000750c00000, 0x0000000750e00000, 0x0000000750e00000|100%| E|CS|TAMS 0x0000000750c00000, 0x0000000750c00000| Complete 
|  91|0x0000000750e00000, 0x0000000751000000, 0x0000000751000000|100%| E|CS|TAMS 0x0000000750e00000, 0x0000000750e00000| Complete 
|  92|0x0000000751000000, 0x0000000751200000, 0x0000000751200000|100%| E|CS|TAMS 0x0000000751000000, 0x0000000751000000| Complete 
|  93|0x0000000751200000, 0x0000000751400000, 0x0000000751400000|100%| E|CS|TAMS 0x0000000751200000, 0x0000000751200000| Complete 

Card table byte_map: [0x000001dc6bda0000,0x000001dc6c380000] _byte_map_base: 0x000001dc68374000

Marking Bits (Prev, Next): (CMBitMap*) 0x000001dc52d410c0, (CMBitMap*) 0x000001dc52d41100
 Prev Bits: [0x000001dc6c960000, 0x000001dc6f800000)
 Next Bits: [0x000001dc6f800000, 0x000001dc726a0000)

Polling page: 0x000001dc52dc0000

Metaspace:

Usage:
  Non-class:      5.98 MB used.
      Class:    747.05 KB used.
       Both:      6.71 MB used.

Virtual space:
  Non-class space:        8.00 MB reserved,       6.06 MB ( 76%) committed,  1 nodes.
      Class space:        1.00 GB reserved,     896.00 KB ( <1%) committed,  1 nodes.
             Both:        1.01 GB reserved,       6.94 MB ( <1%) committed. 

Chunk freelists:
   Non-Class:  1.00 MB
       Class:  3.12 MB
        Both:  4.12 MB

MaxMetaspaceSize: unlimited
CompressedClassSpaceSize: 1.00 GB
Initial GC threshold: 21.00 MB
Current GC threshold: 21.00 MB
CDS: on
MetaspaceReclaimPolicy: balanced
 - commit_granule_bytes: 65536.
 - commit_granule_words: 8192.
 - virtual_space_node_default_size: 1048576.
 - enlarge_chunks_in_place: 1.
 - new_chunks_are_fully_committed: 0.
 - uncommit_free_chunks: 1.
 - use_allocation_guard: 0.
 - handle_deallocations: 1.


Internal statistics:

num_allocs_failed_limit: 0.
num_arena_births: 106.
num_arena_deaths: 0.
num_vsnodes_births: 2.
num_vsnodes_deaths: 0.
num_space_committed: 111.
num_space_uncommitted: 0.
num_chunks_returned_to_freelist: 0.
num_chunks_taken_from_freelist: 151.
num_chunk_merges: 0.
num_chunk_splits: 80.
num_chunks_enlarged: 21.
num_purges: 0.
num_inconsistent_stats: 0.

CodeHeap 'non-profiled nmethods': size=120000Kb used=349Kb max_used=349Kb free=119651Kb
 bounds [0x000001dc63830000, 0x000001dc63aa0000, 0x000001dc6ad60000]
CodeHeap 'profiled nmethods': size=120000Kb used=1703Kb max_used=1703Kb free=118297Kb
 bounds [0x000001dc5bd60000, 0x000001dc5bfd0000, 0x000001dc63290000]
CodeHeap 'non-nmethods': size=5760Kb used=1260Kb max_used=1292Kb free=4499Kb
 bounds [0x000001dc63290000, 0x000001dc63500000, 0x000001dc63830000]
 total_blobs=1652 nmethods=1084 adapters=481
 compilation: enabled
              stopped_count=0, restarted_count=0
 full_count=0

Compilation events (20 events):
Event: 355496.848 Thread 0x000001dc75157b50 nmethod 1074 0x000001dc63883d10 code [0x000001dc63883ec0, 0x000001dc638846d0]
Event: 355496.855 Thread 0x000001dc75157b50 1075   !   4       jdk.internal.logger.LazyLoggers$LazyLoggerAccessor::platform (103 bytes)
Event: 355496.859 Thread 0x000001dc75157b50 nmethod 1075 0x000001dc63884890 code [0x000001dc63884a40, 0x000001dc63885210]
Event: 355496.935 Thread 0x000001dc75157b50 1076       4       jdk.internal.logger.SimpleConsoleLogger::isLoggable (29 bytes)
Event: 355496.937 Thread 0x000001dc75157b50 nmethod 1076 0x000001dc63885390 code [0x000001dc63885520, 0x000001dc63885618]
Event: 355497.093 Thread 0x000001dc7515a510 1077       3       sun.awt.EventQueueItem::<init> (10 bytes)
Event: 355497.094 Thread 0x000001dc7515a510 nmethod 1077 0x000001dc5bf07910 code [0x000001dc5bf07aa0, 0x000001dc5bf07c58]
Event: 355497.094 Thread 0x000001dc7515a510 1078       3       java.util.HashMap::<init> (8 bytes)
Event: 355497.094 Thread 0x000001dc7515a510 nmethod 1078 0x000001dc5bf07d10 code [0x000001dc5bf07ee0, 0x000001dc5bf08028]
Event: 362718.923 Thread 0x000001dc7515a510 1079       3       java.lang.invoke.DirectMethodHandle::allocateInstance (16 bytes)
Event: 362718.927 Thread 0x000001dc7515a510 nmethod 1079 0x000001dc5bf08110 code [0x000001dc5bf082c0, 0x000001dc5bf084e8]
Event: 362718.927 Thread 0x000001dc7515a510 1081       3       java.lang.invoke.DirectMethodHandle::constructorMethod (10 bytes)
Event: 362718.927 Thread 0x000001dc7515a510 nmethod 1081 0x000001dc5bf08610 code [0x000001dc5bf087a0, 0x000001dc5bf08998]
Event: 472032.538 Thread 0x000001dc7515a510 1082       3       java.util.ComparableTimSort::binarySort (223 bytes)
Event: 472032.549 Thread 0x000001dc7515a510 nmethod 1082 0x000001dc5bf08a90 code [0x000001dc5bf08cc0, 0x000001dc5bf098f8]
Event: 472033.040 Thread 0x000001dc75157b50 1083       4       java.util.Arrays::binarySearch0 (95 bytes)
Event: 472033.046 Thread 0x000001dc75157b50 nmethod 1083 0x000001dc63885c10 code [0x000001dc63885da0, 0x000001dc63885fb8]
Event: 472033.094 Thread 0x000001dc75157b50 1084       4       java.util.HashMap::putVal (300 bytes)
Event: 472033.118 Thread 0x000001dc75157b50 nmethod 1084 0x000001dc63886190 code [0x000001dc63886380, 0x000001dc63886e68]
Event: 472044.350 Thread 0x000001dc75157b50 1085       4       java.util.HashMap$KeyIterator::next (8 bytes)

GC Heap History (0 events):
No events

Deoptimization events (20 events):
Event: 0.549 Thread 0x000001dc75ff4ac0 Uncommon trap: trap_request=0xffffff45 fr.pc=0x000001dc6383aa1c relative=0x000000000000019c
Event: 0.549 Thread 0x000001dc75ff4ac0 Uncommon trap: reason=unstable_if action=reinterpret pc=0x000001dc6383aa1c method=java.lang.String.isLatin1()Z @ 10 c2
Event: 0.549 Thread 0x000001dc75ff4ac0 DEOPT PACKING pc=0x000001dc6383aa1c sp=0x00000073284fd100
Event: 0.549 Thread 0x000001dc75ff4ac0 DEOPT UNPACKING pc=0x000001dc632e5ba3 sp=0x00000073284fd030 mode 2
Event: 0.574 Thread 0x000001dc75ff4ac0 Uncommon trap: trap_request=0xffffff45 fr.pc=0x000001dc6386e7dc relative=0x000000000000039c
Event: 0.574 Thread 0x000001dc75ff4ac0 Uncommon trap: reason=unstable_if action=reinterpret pc=0x000001dc6386e7dc method=java.lang.Character.isSurrogate(C)Z @ 3 c2
Event: 0.574 Thread 0x000001dc75ff4ac0 DEOPT PACKING pc=0x000001dc6386e7dc sp=0x00000073284fce00
Event: 0.574 Thread 0x000001dc75ff4ac0 DEOPT UNPACKING pc=0x000001dc632e5ba3 sp=0x00000073284fcd18 mode 2
Event: 0.644 Thread 0x000001dc75ff4ac0 Uncommon trap: trap_request=0xffffffde fr.pc=0x000001dc6385f0d0 relative=0x0000000000000490
Event: 0.644 Thread 0x000001dc75ff4ac0 Uncommon trap: reason=class_check action=maybe_recompile pc=0x000001dc6385f0d0 method=java.util.HashMap.getNode(Ljava/lang/Object;)Ljava/util/HashMap$Node; @ 63 c2
Event: 0.644 Thread 0x000001dc75ff4ac0 DEOPT PACKING pc=0x000001dc6385f0d0 sp=0x00000073284fd7a0
Event: 0.644 Thread 0x000001dc75ff4ac0 DEOPT UNPACKING pc=0x000001dc632e5ba3 sp=0x00000073284fd718 mode 2
Event: 0.648 Thread 0x000001dc75ff4ac0 Uncommon trap: trap_request=0xffffffde fr.pc=0x000001dc6385f0d0 relative=0x0000000000000490
Event: 0.648 Thread 0x000001dc75ff4ac0 Uncommon trap: reason=class_check action=maybe_recompile pc=0x000001dc6385f0d0 method=java.util.HashMap.getNode(Ljava/lang/Object;)Ljava/util/HashMap$Node; @ 63 c2
Event: 0.648 Thread 0x000001dc75ff4ac0 DEOPT PACKING pc=0x000001dc6385f0d0 sp=0x00000073284fd7a0
Event: 0.648 Thread 0x000001dc75ff4ac0 DEOPT UNPACKING pc=0x000001dc632e5ba3 sp=0x00000073284fd718 mode 2
Event: 0.672 Thread 0x000001dc75ff4ac0 Uncommon trap: trap_request=0xffffffde fr.pc=0x000001dc6385f0d0 relative=0x0000000000000490
Event: 0.672 Thread 0x000001dc75ff4ac0 Uncommon trap: reason=class_check action=maybe_recompile pc=0x000001dc6385f0d0 method=java.util.HashMap.getNode(Ljava/lang/Object;)Ljava/util/HashMap$Node; @ 63 c2
Event: 0.672 Thread 0x000001dc75ff4ac0 DEOPT PACKING pc=0x000001dc6385f0d0 sp=0x00000073284fdea0
Event: 0.672 Thread 0x000001dc75ff4ac0 DEOPT UNPACKING pc=0x000001dc632e5ba3 sp=0x00000073284fde18 mode 2

Classes unloaded (0 events):
No events

Classes redefined (0 events):
No events

Internal exceptions (16 events):
Event: 0.063 Thread 0x000001dc52ce9c50 Exception <a 'sun/nio/fs/WindowsException'{0x0000000751326540}> (0x0000000751326540) 
thrown [s\open\src\hotspot\share\prims\jni.cpp, line 516]
Event: 0.064 Thread 0x000001dc52ce9c50 Exception <a 'sun/nio/fs/WindowsException'{0x0000000751326a70}> (0x0000000751326a70) 
thrown [s\open\src\hotspot\share\prims\jni.cpp, line 516]
Event: 0.065 Thread 0x000001dc52ce9c50 Exception <a 'sun/nio/fs/WindowsException'{0x0000000751328d88}> (0x0000000751328d88) 
thrown [s\open\src\hotspot\share\prims\jni.cpp, line 516]
Event: 0.065 Thread 0x000001dc52ce9c50 Exception <a 'sun/nio/fs/WindowsException'{0x0000000751329818}> (0x0000000751329818) 
thrown [s\open\src\hotspot\share\prims\jni.cpp, line 516]
Event: 0.103 Thread 0x000001dc52ce9c50 Exception <a 'java/lang/ClassNotFoundException'{0x000000075106bfc8}: sun/awt/resources/spi/awtProvider> (0x000000075106bfc8) 
thrown [s\open\src\hotspot\share\classfile\systemDictionary.cpp, line 256]
Event: 0.121 Thread 0x000001dc52ce9c50 Exception <a 'java/io/FileNotFoundException'{0x00000007510be5f8}> (0x00000007510be5f8) 
thrown [s\open\src\hotspot\share\prims\jni.cpp, line 516]
Event: 0.127 Thread 0x000001dc52ce9c50 Exception <a 'java/io/FileNotFoundException'{0x00000007510eb990}> (0x00000007510eb990) 
thrown [s\open\src\hotspot\share\prims\jni.cpp, line 516]
Event: 0.160 Thread 0x000001dc52ce9c50 Exception <a 'java/lang/NoSuchMethodError'{0x000000075112fb60}: 'java.lang.Object java.lang.invoke.DirectMethodHandle$Holder.invokeStaticInit(java.lang.Object)'> (0x000000075112fb60) 
thrown [s\open\src\hotspot\share\interpreter\linkResolver.cpp, line 759]
Event: 0.206 Thread 0x000001dc52ce9c50 Exception <a 'java/lang/NoSuchMethodError'{0x00000007511ea1d8}: 'void java.lang.invoke.DirectMethodHandle$Holder.invokeSpecial(java.lang.Object, java.lang.Object, java.lang.Object)'> (0x00000007511ea1d8) 
thrown [s\open\src\hotspot\share\interpreter\linkResolver.cpp, line 759]
Event: 0.211 Thread 0x000001dc52ce9c50 Exception <a 'java/lang/NoSuchMethodError'{0x0000000750e14898}: 'java.lang.Object java.lang.invoke.DirectMethodHandle$Holder.newInvokeSpecial(java.lang.Object, java.lang.Object, java.lang.Object, java.lang.Object, java.lang.Object)'> (0x0000000750e14898) 
thrown [s\open\src\hotspot\share\interpreter\linkResolver.cpp, line 759]
Event: 0.212 Thread 0x000001dc52ce9c50 Exception <a 'java/lang/NoSuchMethodError'{0x0000000750e20260}: 'java.lang.Object java.lang.invoke.DirectMethodHandle$Holder.invokeStatic(java.lang.Object, int, java.lang.Object, java.lang.Object, java.lang.Object, java.lang.Object)'> (0x0000000750e20260) 
thrown [s\open\src\hotspot\share\interpreter\linkResolver.cpp, line 759]
Event: 0.215 Thread 0x000001dc52ce9c50 Exception <a 'java/lang/NoSuchMethodError'{0x0000000750e45a20}: 'java.lang.Object java.lang.invoke.DirectMethodHandle$Holder.invokeStatic(java.lang.Object, int, java.lang.Object)'> (0x0000000750e45a20) 
thrown [s\open\src\hotspot\share\interpreter\linkResolver.cpp, line 759]
Event: 0.245 Thread 0x000001dc52ce9c50 Exception <a 'java/lang/ClassNotFoundException'{0x0000000750efd718}: com/sun/swing/internal/plaf/metal/resources/spi/metalProvider> (0x0000000750efd718) 
thrown [s\open\src\hotspot\share\classfile\systemDictionary.cpp, line 256]
Event: 0.246 Thread 0x000001dc52ce9c50 Exception <a 'java/lang/ClassNotFoundException'{0x0000000750f01570}: com/sun/swing/internal/plaf/basic/resources/spi/basicProvider> (0x0000000750f01570) 
thrown [s\open\src\hotspot\share\classfile\systemDictionary.cpp, line 256]
Event: 0.266 Thread 0x000001dc75e06ec0 Exception <a 'java/lang/NoSuchMethodError'{0x0000000751162b80}: 'void java.lang.invoke.DirectMethodHandle$Holder.invokeVirtual(java.lang.Object, java.lang.Object)'> (0x0000000751162b80) 
thrown [s\open\src\hotspot\share\interpreter\linkResolver.cpp, line 759]
Event: 0.283 Thread 0x000001dc52ce9c50 Exception <a 'java/lang/NoSuchMethodError'{0x0000000750f43f68}: 'void java.lang.invoke.DirectMethodHandle$Holder.invokeStaticInit(java.lang.Object)'> (0x0000000750f43f68) 
thrown [s\open\src\hotspot\share\interpreter\linkResolver.cpp, line 759]

VM Operations (20 events):
Event: 1.632 Executing VM operation: Cleanup
Event: 1.632 Executing VM operation: Cleanup done
Event: 2.645 Executing VM operation: Cleanup
Event: 2.646 Executing VM operation: Cleanup done
Event: 3.651 Executing VM operation: Cleanup
Event: 3.651 Executing VM operation: Cleanup done
Event: 1080.354 Executing VM operation: Cleanup
Event: 1080.354 Executing VM operation: Cleanup done
Event: 1091.445 Executing VM operation: Cleanup
Event: 1091.445 Executing VM operation: Cleanup done
Event: 7052.464 Executing VM operation: Cleanup
Event: 7052.465 Executing VM operation: Cleanup done
Event: 20151.771 Executing VM operation: Cleanup
Event: 20151.771 Executing VM operation: Cleanup done
Event: 91094.580 Executing VM operation: Cleanup
Event: 91094.581 Executing VM operation: Cleanup done
Event: 355497.496 Executing VM operation: Cleanup
Event: 355497.497 Executing VM operation: Cleanup done
Event: 472033.361 Executing VM operation: Cleanup
Event: 472033.362 Executing VM operation: Cleanup done

Events (20 events):
Event: 0.674 loading class java/util/concurrent/locks/AbstractQueuedSynchronizer$ConditionNode done
Event: 2.559 loading class java/util/concurrent/locks/AbstractQueuedSynchronizer$ExclusiveNode
Event: 2.559 loading class java/util/concurrent/locks/AbstractQueuedSynchronizer$ExclusiveNode done
Event: 2.561 Thread 0x000001dc75cf1420 Thread exited: 0x000001dc75cf1420
Event: 3.084 loading class java/awt/LightweightDispatcher$2
Event: 3.085 loading class java/awt/LightweightDispatcher$2 done
Event: 3.979 loading class java/awt/KeyboardFocusManager$2
Event: 3.979 loading class java/awt/KeyboardFocusManager$2 done
Event: 3.980 loading class sun/awt/SunToolkit$1
Event: 3.980 loading class sun/awt/SunToolkit$1 done
Event: 20152.358 loading class java/awt/desktop/SystemSleepListener
Event: 20152.360 loading class java/awt/desktop/SystemEventListener
Event: 20152.360 loading class java/awt/desktop/SystemEventListener done
Event: 20152.360 loading class java/awt/desktop/SystemSleepListener done
Event: 472033.018 loading class java/util/WeakHashMap$KeyIterator
Event: 472033.019 loading class java/util/WeakHashMap$HashIterator
Event: 472033.020 loading class java/util/WeakHashMap$HashIterator done
Event: 472033.020 loading class java/util/WeakHashMap$KeyIterator done
Event: 472033.024 loading class javax/swing/RepaintManager$DisplayChangedRunnable
Event: 472033.030 loading class javax/swing/RepaintManager$DisplayChangedRunnable done


Dynamic libraries:
0x00007ff7cf3c0000 - 0x00007ff7cf3d0000 	C:\Program Files\Java\jdk-17\bin\java.exe
0x00007ff85d1b0000 - 0x00007ff85d3c4000 	C:\windows\SYSTEM32\ntdll.dll
0x00007ff85b810000 - 0x00007ff85b8d2000 	C:\windows\System32\KERNEL32.DLL
0x00007ff85a620000 - 0x00007ff85a9c3000 	C:\windows\System32\KERNELBASE.dll
0x00007ff85ac50000 - 0x00007ff85ad61000 	C:\windows\System32\ucrtbase.dll
0x00007ff856440000 - 0x00007ff85645b000 	C:\Program Files\Java\jdk-17\bin\VCRUNTIME140.dll
0x00007ff856400000 - 0x00007ff856419000 	C:\Program Files\Java\jdk-17\bin\jli.dll
0x00007ff85b5e0000 - 0x00007ff85b68e000 	C:\windows\System32\ADVAPI32.dll
0x00007ff85c1e0000 - 0x00007ff85c287000 	C:\windows\System32\msvcrt.dll
0x00007ff85c430000 - 0x00007ff85c4d4000 	C:\windows\System32\sechost.dll
0x00007ff85c290000 - 0x00007ff85c3a7000 	C:\windows\System32\RPCRT4.dll
0x00007ff85c4f0000 - 0x00007ff85c69a000 	C:\windows\System32\USER32.dll
0x00007ff85aee0000 - 0x00007ff85af06000 	C:\windows\System32\win32u.dll
0x00007ff859900000 - 0x00007ff859b8e000 	C:\windows\WinSxS\amd64_microsoft.windows.common-controls_6595b64144ccf1df_6.0.22621.1635_none_270f70857386168e\COMCTL32.dll
0x00007ff85ce90000 - 0x00007ff85ceb9000 	C:\windows\System32\GDI32.dll
0x00007ff85a9d0000 - 0x00007ff85aae9000 	C:\windows\System32\gdi32full.dll
0x00007ff85aaf0000 - 0x00007ff85ab8a000 	C:\windows\System32\msvcp_win.dll
0x00007ff8582e0000 - 0x00007ff8582ea000 	C:\windows\SYSTEM32\VERSION.dll
0x00007ff85b990000 - 0x00007ff85b9c1000 	C:\windows\System32\IMM32.DLL
0x00007ff858f60000 - 0x00007ff858f6c000 	C:\Program Files\Java\jdk-17\bin\vcruntime140_1.dll
0x00007ff836540000 - 0x00007ff8365ce000 	C:\Program Files\Java\jdk-17\bin\msvcp140.dll
0x00007fffde850000 - 0x00007fffdf42d000 	C:\Program Files\Java\jdk-17\bin\server\jvm.dll
0x00007ff85d080000 - 0x00007ff85d088000 	C:\windows\System32\PSAPI.DLL
0x00007ff8507a0000 - 0x00007ff8507d4000 	C:\windows\SYSTEM32\WINMM.dll
0x00007ff8387e0000 - 0x00007ff8387e9000 	C:\windows\SYSTEM32\WSOCK32.dll
0x00007ff85c3b0000 - 0x00007ff85c421000 	C:\windows\System32\WS2_32.dll
0x00007ff858700000 - 0x00007ff858718000 	C:\windows\SYSTEM32\kernel.appcore.dll
0x00007ff858f40000 - 0x00007ff858f4a000 	C:\Program Files\Java\jdk-17\bin\jimage.dll
0x00007ff859f30000 - 0x00007ff85a15e000 	C:\windows\SYSTEM32\DBGHELP.DLL
0x00007ff85b0c0000 - 0x00007ff85b449000 	C:\windows\System32\combase.dll
0x00007ff85d090000 - 0x00007ff85d167000 	C:\windows\System32\OLEAUT32.dll
0x00007ff859d80000 - 0x00007ff859db2000 	C:\windows\SYSTEM32\dbgcore.DLL
0x00007ff85af10000 - 0x00007ff85af8a000 	C:\windows\System32\bcryptPrimitives.dll
0x00007ff83bef0000 - 0x00007ff83bf15000 	C:\Program Files\Java\jdk-17\bin\java.dll
0x00007ff836310000 - 0x00007ff8363e7000 	C:\Program Files\Java\jdk-17\bin\jsvml.dll
0x00007ff85b9e0000 - 0x00007ff85c1d9000 	C:\windows\System32\SHELL32.dll
0x00007ff857390000 - 0x00007ff857c5e000 	C:\windows\SYSTEM32\windows.storage.dll
0x00007ff857250000 - 0x00007ff85738e000 	C:\windows\SYSTEM32\wintypes.dll
0x00007ff85c6a0000 - 0x00007ff85c791000 	C:\windows\System32\SHCORE.dll
0x00007ff85b580000 - 0x00007ff85b5de000 	C:\windows\System32\shlwapi.dll
0x00007ff85a4e0000 - 0x00007ff85a506000 	C:\windows\SYSTEM32\profapi.dll
0x00007ff83bfa0000 - 0x00007ff83bfb9000 	C:\Program Files\Java\jdk-17\bin\net.dll
0x00007ff853340000 - 0x00007ff853477000 	C:\windows\SYSTEM32\WINHTTP.dll
0x00007ff858b40000 - 0x00007ff858ba9000 	C:\windows\system32\mswsock.dll
0x00007ff83bf70000 - 0x00007ff83bf86000 	C:\Program Files\Java\jdk-17\bin\nio.dll
0x00007ff83aab0000 - 0x00007ff83aac8000 	C:\Program Files\Java\jdk-17\bin\zip.dll
0x00007ff813dc0000 - 0x00007ff813f51000 	C:\Program Files\Java\jdk-17\bin\awt.dll
0x00007ff856650000 - 0x00007ff8566e7000 	C:\windows\SYSTEM32\apphelp.dll
0x00007ff856a50000 - 0x00007ff856a7b000 	C:\windows\system32\DWMAPI.DLL
0x00007ff8567e0000 - 0x00007ff85688b000 	C:\windows\system32\uxtheme.dll
0x00007ff83a490000 - 0x00007ff83a590000 	C:\windows\system32\opengl32.dll
0x00007ff83a420000 - 0x00007ff83a44d000 	C:\windows\SYSTEM32\GLU32.dll
0x00007ff856900000 - 0x00007ff856938000 	C:\windows\SYSTEM32\dxcore.dll
0x00007ff85af90000 - 0x00007ff85b0b7000 	C:\windows\System32\MSCTF.dll
0x00007ff85cc90000 - 0x00007ff85ce2c000 	C:\windows\System32\ole32.dll
0x00007ff836200000 - 0x00007ff836286000 	C:\Program Files\Java\jdk-17\bin\freetype.dll
0x00007ff82d120000 - 0x00007ff82d1e5000 	C:\Program Files\Java\jdk-17\bin\fontmanager.dll
0x00007ff84eff0000 - 0x00007ff84f11d000 	C:\windows\SYSTEM32\textinputframework.dll
0x00007ff8564c0000 - 0x00007ff8565f3000 	C:\windows\SYSTEM32\CoreMessaging.dll
0x00007ff851790000 - 0x00007ff851afc000 	C:\windows\SYSTEM32\CoreUIComponents.dll
0x00007ff859760000 - 0x00007ff85976c000 	C:\windows\SYSTEM32\CRYPTBASE.DLL

dbghelp: loaded successfully - version: 4.0.5 - missing functions: none
symbol engine: initialized successfully - sym options: 0x614 - pdb path: .;C:\Program Files\Java\jdk-17\bin;C:\windows\SYSTEM32;C:\windows\WinSxS\amd64_microsoft.windows.common-controls_6595b64144ccf1df_6.0.22621.1635_none_270f70857386168e;C:\Program Files\Java\jdk-17\bin\server

VM Arguments:
jvm_args: -Dfile.encoding=UTF-8 --module-path=C:\Users\ryanm\NetBeansProjects\Bank management system\build\classes 
java_command: bank.management.system.SignupThree
java_class_path (initial): C:\Users\ryanm\Downloads\jcalendar-1.4\lib\jcalendar-1.4.jar;C:\Users\ryanm\Downloads\mysql-connector-j-8.1.0\mysql-connector-j-8.1.0\mysql-connector-j-8.1.0.jar;C:\Users\ryanm\NetBeansProjects\Bank management system\build\classes
Launcher Type: SUN_STANDARD

[Global flags]
     intx CICompilerCount                          = 4                                         {product} {ergonomic}
     uint ConcGCThreads                            = 2                                         {product} {ergonomic}
     uint G1ConcRefinementThreads                  = 8                                         {product} {ergonomic}
   size_t G1HeapRegionSize                         = 2097152                                   {product} {ergonomic}
    uintx GCDrainStackTargetSize                   = 64                                        {product} {ergonomic}
   size_t InitialHeapSize                          = 197132288                                 {product} {ergonomic}
   size_t MarkStackSize                            = 4194304                                   {product} {ergonomic}
   size_t MaxHeapSize                              = 3128950784                                {product} {ergonomic}
   size_t MaxNewSize                               = 1876951040                                {product} {ergonomic}
   size_t MinHeapDeltaBytes                        = 2097152                                   {product} {ergonomic}
   size_t MinHeapSize                              = 8388608                                   {product} {ergonomic}
    uintx NonNMethodCodeHeapSize                   = 5839372                                {pd product} {ergonomic}
    uintx NonProfiledCodeHeapSize                  = 122909434                              {pd product} {ergonomic}
    uintx ProfiledCodeHeapSize                     = 122909434                              {pd product} {ergonomic}
    uintx ReservedCodeCacheSize                    = 251658240                              {pd product} {ergonomic}
     bool SegmentedCodeCache                       = true                                      {product} {ergonomic}
   size_t SoftMaxHeapSize                          = 3128950784                             {manageable} {ergonomic}
     bool UseCompressedClassPointers               = true                           {product lp64_product} {ergonomic}
     bool UseCompressedOops                        = true                           {product lp64_product} {ergonomic}
     bool UseG1GC                                  = true                                      {product} {ergonomic}
     bool UseLargePagesIndividualAllocation        = false                                  {pd product} {ergonomic}

Logging:
Log output configuration:
 #0: stdout all=warning uptime,level,tags
 #1: stderr all=off uptime,level,tags

Environment Variables:
PATH=C:\Program Files\Common Files\Oracle\Java\javapath;C:\Program Files (x86)\Common Files\Oracle\Java\javapath;C:\windows\system32;C:\windows;C:\windows\System32\Wbem;C:\windows\System32\WindowsPowerShell\v1.0\;C:\windows\System32\OpenSSH\;C:\Program Files\Microsoft SQL Server\Client SDK\ODBC\170\Tools\Binn\;C:\Program Files\dotnet\;C:\Program Files\Git\cmd;C:\Program Files\MySQL\MySQL Shell 8.0\bin\;C:\Users\ryanm\AppData\Local\Microsoft\WindowsApps;C:\Users\ryanm\.dotnet\tools;C:\Users\ryanm\AppData\Local\GitHubDesktop\bin
USERNAME=ryanm
OS=Windows_NT
PROCESSOR_IDENTIFIER=Intel64 Family 6 Model 140 Stepping 2, GenuineIntel



---------------  S Y S T E M  ---------------

OS:
 Windows 11 , 64 bit Build 22621 (10.0.22621.1928)
OS uptime: 8 days 6:40 hours
Hyper-V role detected

CPU: total 8 (initial active 8) (4 cores per cpu, 2 threads per core) family 6 model 140 stepping 2 microcode 0x28, cx8, cmov, fxsr, ht, mmx, 3dnowpref, sse, sse2, sse3, ssse3, sse4.1, sse4.2, popcnt, lzcnt, tsc, tscinvbit, avx, avx2, aes, erms, clmul, bmi1, bmi2, adx, avx512f, avx512dq, avx512cd, avx512bw, avx512vl, sha, fma, vzeroupper, avx512_vpopcntdq, avx512_vpclmulqdq, avx512_vaes, avx512_vnni, clflush, clflushopt, clwb, avx512_vbmi2, avx512_vbmi, hv

Memory: 4k page, system-wide physical 11930M (2020M free)
TotalPageFile size 42347M (AvailPageFile size 0M)
current process WorkingSet (physical memory assigned to process): 25M, peak: 74M
current process commit charge ("private bytes"): 282M, peak: 292M

vm_info: Java HotSpot(TM) 64-Bit Server VM (17.0.7+8-LTS-224) for windows-amd64 JRE (17.0.7+8-LTS-224), built on Feb 28 2023 23:03:02 by "mach5one" with MS VC++ 17.1 (VS2022)

END.
