#
# There is insufficient memory for the Java Runtime Environment to continue.
# Native memory allocation (malloc) failed to allocate 32744 bytes for ChunkPool::allocate
# Possible reasons:
#   The system is out of physical RAM or swap space
#   The process is running with CompressedOops enabled, and the Java Heap may be blocking the growth of the native heap
# Possible solutions:
#   Reduce memory load on the system
#   Increase physical memory or swap space
#   Check if swap backing store is full
#   Decrease Java heap size (-Xmx/-Xms)
#   Decrease number of Java threads
#   Decrease Java thread stack sizes (-Xss)
#   Set larger code cache with -XX:ReservedCodeCacheSize=
#   JVM is running with Zero Based Compressed Oops mode in which the Java heap is
#     placed in the first 32GB address space. The Java Heap base address is the
#     maximum limit for the native heap growth. Please use -XX:HeapBaseMinAddress
#     to set the Java Heap base and to place the Java Heap above 32GB virtual address.
# This output file may be truncated or incomplete.
#
#  Out of Memory Error (arena.cpp:78), pid=22420, tid=21384
#
# JRE version: Java(TM) SE Runtime Environment (17.0.7+8) (build 17.0.7+8-LTS-224)
# Java VM: Java HotSpot(TM) 64-Bit Server VM (17.0.7+8-LTS-224, mixed mode, sharing, tiered, compressed oops, compressed class ptrs, g1 gc, windows-amd64)
# No core dump will be written. Minidumps are not enabled by default on client versions of Windows
#

---------------  S U M M A R Y ------------

Command Line: -Dfile.encoding=UTF-8 --module-path=C:\Users\ryanm\NetBeansProjects\Bank management system\build\classes bank.management.system.SignupThree

Host: 11th Gen Intel(R) Core(TM) i5-1155G7 @ 2.50GHz, 8 cores, 11G,  Windows 11 , 64 bit Build 22621 (10.0.22621.1928)
Time: Mon Aug 14 02:44:17 2023 Eastern Daylight Time elapsed time: 472764.986878 seconds (5d 11h 19m 24s)

---------------  T H R E A D  ---------------

Current thread (0x000001abddd592c0):  JavaThread "C2 CompilerThread0" daemon [_thread_in_native, id=21384, stack(0x0000001425000000,0x0000001425100000)]


Current CompileTask:
C2:472764987 1279       4       java.util.HashMap$KeyIterator::next (8 bytes)

Stack: [0x0000001425000000,0x0000001425100000]
Native frames: (J=compiled Java code, j=interpreted, Vv=VM code, C=native code)
V  [jvm.dll+0x676a4a]
V  [jvm.dll+0x7d74f4]
V  [jvm.dll+0x7d8c9e]
V  [jvm.dll+0x7d9303]
V  [jvm.dll+0x2452c5]
V  [jvm.dll+0xaac80]
V  [jvm.dll+0xaafcc]
V  [jvm.dll+0x603d7e]
V  [jvm.dll+0x603f1f]
V  [jvm.dll+0x6097bc]
V  [jvm.dll+0x60a6dc]
V  [jvm.dll+0x608bb4]
V  [jvm.dll+0x21794e]
V  [jvm.dll+0x216f01]
V  [jvm.dll+0x1a35e0]
V  [jvm.dll+0x226a6e]
V  [jvm.dll+0x224e15]
V  [jvm.dll+0x78d05c]
V  [jvm.dll+0x78759a]
V  [jvm.dll+0x675875]
C  [ucrtbase.dll+0x29363]
C  [KERNEL32.DLL+0x126ad]
C  [ntdll.dll+0x5aa68]


---------------  P R O C E S S  ---------------

Threads class SMR info:
_java_thread_list=0x000001abdf231220, length=16, elements={
0x000001abddd41830, 0x000001abddd423e0, 0x000001abddd516a0, 0x000001abddd52250,
0x000001abddd55c20, 0x000001abddd565d0, 0x000001abddd592c0, 0x000001abddd5abd0,
0x000001abddd5d310, 0x000001abddd2d540, 0x000001abde96a860, 0x000001abdeb4c500,
0x000001abdeb4f490, 0x000001abdeb62bd0, 0x000001abdebd3cf0, 0x000001abbb8cad20
}

Java Threads: ( => current thread )
  0x000001abddd41830 JavaThread "Reference Handler" daemon [_thread_blocked, id=23024, stack(0x0000001424a00000,0x0000001424b00000)]
  0x000001abddd423e0 JavaThread "Finalizer" daemon [_thread_blocked, id=9300, stack(0x0000001424b00000,0x0000001424c00000)]
  0x000001abddd516a0 JavaThread "Signal Dispatcher" daemon [_thread_blocked, id=20456, stack(0x0000001424c00000,0x0000001424d00000)]
  0x000001abddd52250 JavaThread "Attach Listener" daemon [_thread_blocked, id=3472, stack(0x0000001424d00000,0x0000001424e00000)]
  0x000001abddd55c20 JavaThread "Service Thread" daemon [_thread_blocked, id=16892, stack(0x0000001424e00000,0x0000001424f00000)]
  0x000001abddd565d0 JavaThread "Monitor Deflation Thread" daemon [_thread_blocked, id=1520, stack(0x0000001424f00000,0x0000001425000000)]
=>0x000001abddd592c0 JavaThread "C2 CompilerThread0" daemon [_thread_in_native, id=21384, stack(0x0000001425000000,0x0000001425100000)]
  0x000001abddd5abd0 JavaThread "C1 CompilerThread0" daemon [_thread_blocked, id=4024, stack(0x0000001425100000,0x0000001425200000)]
  0x000001abddd5d310 JavaThread "Sweeper thread" daemon [_thread_blocked, id=19740, stack(0x0000001425200000,0x0000001425300000)]
  0x000001abddd2d540 JavaThread "Common-Cleaner" daemon [_thread_blocked, id=21920, stack(0x0000001425300000,0x0000001425400000)]
  0x000001abde96a860 JavaThread "Notification Thread" daemon [_thread_blocked, id=22384, stack(0x0000001425400000,0x0000001425500000)]
  0x000001abdeb4c500 JavaThread "Java2D Disposer" daemon [_thread_blocked, id=20036, stack(0x0000001425700000,0x0000001425800000)]
  0x000001abdeb4f490 JavaThread "AWT-Shutdown" [_thread_blocked, id=21492, stack(0x0000001425800000,0x0000001425900000)]
  0x000001abdeb62bd0 JavaThread "AWT-Windows" daemon [_thread_in_native, id=7900, stack(0x0000001425900000,0x0000001425a00000)]
  0x000001abdebd3cf0 JavaThread "AWT-EventQueue-0" [_thread_blocked, id=16828, stack(0x0000001425a00000,0x0000001425b00000)]
  0x000001abbb8cad20 JavaThread "DestroyJavaVM" [_thread_blocked, id=8736, stack(0x0000001424300000,0x0000001424400000)]

Other Threads:
  0x000001abddd3bd90 VMThread "VM Thread" [stack: 0x0000001424900000,0x0000001424a00000] [id=9060]
  0x000001abde96d970 WatcherThread [stack: 0x0000001425500000,0x0000001425600000] [id=18788]
  0x000001abbb920f50 GCTaskThread "GC Thread#0" [stack: 0x0000001424400000,0x0000001424500000] [id=13728]
  0x000001abbb92ea80 ConcurrentGCThread "G1 Main Marker" [stack: 0x0000001424500000,0x0000001424600000] [id=20792]
  0x000001abbb930ae0 ConcurrentGCThread "G1 Conc#0" [stack: 0x0000001424600000,0x0000001424700000] [id=15424]
  0x000001abbb99e760 ConcurrentGCThread "G1 Refine#0" [stack: 0x0000001424700000,0x0000001424800000] [id=17056]
  0x000001abddbf9610 ConcurrentGCThread "G1 Service" [stack: 0x0000001424800000,0x0000001424900000] [id=7956]

Threads with active compile tasks:
C2 CompilerThread0  472765053 1279       4       java.util.HashMap$KeyIterator::next (8 bytes)

VM state: not at safepoint (normal execution)

VM Mutex/Monitor currently owned by a thread: None

Heap address: 0x0000000745800000, size: 2984 MB, Compressed Oops mode: Zero based, Oop shift amount: 3

CDS archive(s) mapped at: [0x0000000800000000-0x0000000800bd0000-0x0000000800bd0000), size 12386304, SharedBaseAddress: 0x0000000800000000, ArchiveRelocationMode: 0.
Compressed class space mapped at: 0x0000000800c00000-0x0000000840c00000, reserved size: 1073741824
Narrow klass base: 0x0000000800000000, Narrow klass shift: 0, Narrow klass range: 0x100000000

GC Precious Log:
 CPUs: 8 total, 8 available
 Memory: 11930M
 Large Page Support: Disabled
 NUMA Support: Disabled
 Compressed Oops: Enabled (Zero based)
 Heap Region Size: 2M
 Heap Min Capacity: 8M
 Heap Initial Capacity: 188M
 Heap Max Capacity: 2984M
 Pre-touch: Disabled
 Parallel Workers: 8
 Concurrent Workers: 2
 Concurrent Refinement Workers: 8
 Periodic GC: Disabled

Heap:
 garbage-first heap   total 192512K, used 20480K [0x0000000745800000, 0x0000000800000000)
  region size 2048K, 9 young (18432K), 0 survivors (0K)
 Metaspace       used 6732K, committed 6976K, reserved 1056768K
  class space    used 694K, committed 832K, reserved 1048576K

Heap Regions: E=young(eden), S=young(survivor), O=old, HS=humongous(starts), HC=humongous(continues), CS=collection set, F=free, OA=open archive, CA=closed archive, TAMS=top-at-mark-start (previous, next)
|   0|0x0000000745800000, 0x0000000745a00000, 0x0000000745a00000|100%|HS|  |TAMS 0x0000000745800000, 0x0000000745800000| Complete 
|   1|0x0000000745a00000, 0x0000000745c00000, 0x0000000745c00000|100%|HC|  |TAMS 0x0000000745a00000, 0x0000000745a00000| Complete 
|   2|0x0000000745c00000, 0x0000000745c00000, 0x0000000745e00000|  0%| F|  |TAMS 0x0000000745c00000, 0x0000000745c00000| Untracked 
|   3|0x0000000745e00000, 0x0000000745e00000, 0x0000000746000000|  0%| F|  |TAMS 0x0000000745e00000, 0x0000000745e00000| Untracked 
|   4|0x0000000746000000, 0x0000000746000000, 0x0000000746200000|  0%| F|  |TAMS 0x0000000746000000, 0x0000000746000000| Untracked 
|   5|0x0000000746200000, 0x0000000746200000, 0x0000000746400000|  0%| F|  |TAMS 0x0000000746200000, 0x0000000746200000| Untracked 
|   6|0x0000000746400000, 0x0000000746400000, 0x0000000746600000|  0%| F|  |TAMS 0x0000000746400000, 0x0000000746400000| Untracked 
|   7|0x0000000746600000, 0x0000000746600000, 0x0000000746800000|  0%| F|  |TAMS 0x0000000746600000, 0x0000000746600000| Untracked 
|   8|0x0000000746800000, 0x0000000746800000, 0x0000000746a00000|  0%| F|  |TAMS 0x0000000746800000, 0x0000000746800000| Untracked 
|   9|0x0000000746a00000, 0x0000000746a00000, 0x0000000746c00000|  0%| F|  |TAMS 0x0000000746a00000, 0x0000000746a00000| Untracked 
|  10|0x0000000746c00000, 0x0000000746c00000, 0x0000000746e00000|  0%| F|  |TAMS 0x0000000746c00000, 0x0000000746c00000| Untracked 
|  11|0x0000000746e00000, 0x0000000746e00000, 0x0000000747000000|  0%| F|  |TAMS 0x0000000746e00000, 0x0000000746e00000| Untracked 
|  12|0x0000000747000000, 0x0000000747000000, 0x0000000747200000|  0%| F|  |TAMS 0x0000000747000000, 0x0000000747000000| Untracked 
|  13|0x0000000747200000, 0x0000000747200000, 0x0000000747400000|  0%| F|  |TAMS 0x0000000747200000, 0x0000000747200000| Untracked 
|  14|0x0000000747400000, 0x0000000747400000, 0x0000000747600000|  0%| F|  |TAMS 0x0000000747400000, 0x0000000747400000| Untracked 
|  15|0x0000000747600000, 0x0000000747600000, 0x0000000747800000|  0%| F|  |TAMS 0x0000000747600000, 0x0000000747600000| Untracked 
|  16|0x0000000747800000, 0x0000000747800000, 0x0000000747a00000|  0%| F|  |TAMS 0x0000000747800000, 0x0000000747800000| Untracked 
|  17|0x0000000747a00000, 0x0000000747a00000, 0x0000000747c00000|  0%| F|  |TAMS 0x0000000747a00000, 0x0000000747a00000| Untracked 
|  18|0x0000000747c00000, 0x0000000747c00000, 0x0000000747e00000|  0%| F|  |TAMS 0x0000000747c00000, 0x0000000747c00000| Untracked 
|  19|0x0000000747e00000, 0x0000000747e00000, 0x0000000748000000|  0%| F|  |TAMS 0x0000000747e00000, 0x0000000747e00000| Untracked 
|  20|0x0000000748000000, 0x0000000748000000, 0x0000000748200000|  0%| F|  |TAMS 0x0000000748000000, 0x0000000748000000| Untracked 
|  21|0x0000000748200000, 0x0000000748200000, 0x0000000748400000|  0%| F|  |TAMS 0x0000000748200000, 0x0000000748200000| Untracked 
|  22|0x0000000748400000, 0x0000000748400000, 0x0000000748600000|  0%| F|  |TAMS 0x0000000748400000, 0x0000000748400000| Untracked 
|  23|0x0000000748600000, 0x0000000748600000, 0x0000000748800000|  0%| F|  |TAMS 0x0000000748600000, 0x0000000748600000| Untracked 
|  24|0x0000000748800000, 0x0000000748800000, 0x0000000748a00000|  0%| F|  |TAMS 0x0000000748800000, 0x0000000748800000| Untracked 
|  25|0x0000000748a00000, 0x0000000748a00000, 0x0000000748c00000|  0%| F|  |TAMS 0x0000000748a00000, 0x0000000748a00000| Untracked 
|  26|0x0000000748c00000, 0x0000000748c00000, 0x0000000748e00000|  0%| F|  |TAMS 0x0000000748c00000, 0x0000000748c00000| Untracked 
|  27|0x0000000748e00000, 0x0000000748e00000, 0x0000000749000000|  0%| F|  |TAMS 0x0000000748e00000, 0x0000000748e00000| Untracked 
|  28|0x0000000749000000, 0x0000000749000000, 0x0000000749200000|  0%| F|  |TAMS 0x0000000749000000, 0x0000000749000000| Untracked 
|  29|0x0000000749200000, 0x0000000749200000, 0x0000000749400000|  0%| F|  |TAMS 0x0000000749200000, 0x0000000749200000| Untracked 
|  30|0x0000000749400000, 0x0000000749400000, 0x0000000749600000|  0%| F|  |TAMS 0x0000000749400000, 0x0000000749400000| Untracked 
|  31|0x0000000749600000, 0x0000000749600000, 0x0000000749800000|  0%| F|  |TAMS 0x0000000749600000, 0x0000000749600000| Untracked 
|  32|0x0000000749800000, 0x0000000749800000, 0x0000000749a00000|  0%| F|  |TAMS 0x0000000749800000, 0x0000000749800000| Untracked 
|  33|0x0000000749a00000, 0x0000000749a00000, 0x0000000749c00000|  0%| F|  |TAMS 0x0000000749a00000, 0x0000000749a00000| Untracked 
|  34|0x0000000749c00000, 0x0000000749c00000, 0x0000000749e00000|  0%| F|  |TAMS 0x0000000749c00000, 0x0000000749c00000| Untracked 
|  35|0x0000000749e00000, 0x0000000749e00000, 0x000000074a000000|  0%| F|  |TAMS 0x0000000749e00000, 0x0000000749e00000| Untracked 
|  36|0x000000074a000000, 0x000000074a000000, 0x000000074a200000|  0%| F|  |TAMS 0x000000074a000000, 0x000000074a000000| Untracked 
|  37|0x000000074a200000, 0x000000074a200000, 0x000000074a400000|  0%| F|  |TAMS 0x000000074a200000, 0x000000074a200000| Untracked 
|  38|0x000000074a400000, 0x000000074a400000, 0x000000074a600000|  0%| F|  |TAMS 0x000000074a400000, 0x000000074a400000| Untracked 
|  39|0x000000074a600000, 0x000000074a600000, 0x000000074a800000|  0%| F|  |TAMS 0x000000074a600000, 0x000000074a600000| Untracked 
|  40|0x000000074a800000, 0x000000074a800000, 0x000000074aa00000|  0%| F|  |TAMS 0x000000074a800000, 0x000000074a800000| Untracked 
|  41|0x000000074aa00000, 0x000000074aa00000, 0x000000074ac00000|  0%| F|  |TAMS 0x000000074aa00000, 0x000000074aa00000| Untracked 
|  42|0x000000074ac00000, 0x000000074ac00000, 0x000000074ae00000|  0%| F|  |TAMS 0x000000074ac00000, 0x000000074ac00000| Untracked 
|  43|0x000000074ae00000, 0x000000074ae00000, 0x000000074b000000|  0%| F|  |TAMS 0x000000074ae00000, 0x000000074ae00000| Untracked 
|  44|0x000000074b000000, 0x000000074b000000, 0x000000074b200000|  0%| F|  |TAMS 0x000000074b000000, 0x000000074b000000| Untracked 
|  45|0x000000074b200000, 0x000000074b200000, 0x000000074b400000|  0%| F|  |TAMS 0x000000074b200000, 0x000000074b200000| Untracked 
|  46|0x000000074b400000, 0x000000074b400000, 0x000000074b600000|  0%| F|  |TAMS 0x000000074b400000, 0x000000074b400000| Untracked 
|  47|0x000000074b600000, 0x000000074b600000, 0x000000074b800000|  0%| F|  |TAMS 0x000000074b600000, 0x000000074b600000| Untracked 
|  48|0x000000074b800000, 0x000000074b800000, 0x000000074ba00000|  0%| F|  |TAMS 0x000000074b800000, 0x000000074b800000| Untracked 
|  49|0x000000074ba00000, 0x000000074ba00000, 0x000000074bc00000|  0%| F|  |TAMS 0x000000074ba00000, 0x000000074ba00000| Untracked 
|  50|0x000000074bc00000, 0x000000074bc00000, 0x000000074be00000|  0%| F|  |TAMS 0x000000074bc00000, 0x000000074bc00000| Untracked 
|  51|0x000000074be00000, 0x000000074be00000, 0x000000074c000000|  0%| F|  |TAMS 0x000000074be00000, 0x000000074be00000| Untracked 
|  52|0x000000074c000000, 0x000000074c000000, 0x000000074c200000|  0%| F|  |TAMS 0x000000074c000000, 0x000000074c000000| Untracked 
|  53|0x000000074c200000, 0x000000074c200000, 0x000000074c400000|  0%| F|  |TAMS 0x000000074c200000, 0x000000074c200000| Untracked 
|  54|0x000000074c400000, 0x000000074c400000, 0x000000074c600000|  0%| F|  |TAMS 0x000000074c400000, 0x000000074c400000| Untracked 
|  55|0x000000074c600000, 0x000000074c600000, 0x000000074c800000|  0%| F|  |TAMS 0x000000074c600000, 0x000000074c600000| Untracked 
|  56|0x000000074c800000, 0x000000074c800000, 0x000000074ca00000|  0%| F|  |TAMS 0x000000074c800000, 0x000000074c800000| Untracked 
|  57|0x000000074ca00000, 0x000000074ca00000, 0x000000074cc00000|  0%| F|  |TAMS 0x000000074ca00000, 0x000000074ca00000| Untracked 
|  58|0x000000074cc00000, 0x000000074cc00000, 0x000000074ce00000|  0%| F|  |TAMS 0x000000074cc00000, 0x000000074cc00000| Untracked 
|  59|0x000000074ce00000, 0x000000074ce00000, 0x000000074d000000|  0%| F|  |TAMS 0x000000074ce00000, 0x000000074ce00000| Untracked 
|  60|0x000000074d000000, 0x000000074d000000, 0x000000074d200000|  0%| F|  |TAMS 0x000000074d000000, 0x000000074d000000| Untracked 
|  61|0x000000074d200000, 0x000000074d200000, 0x000000074d400000|  0%| F|  |TAMS 0x000000074d200000, 0x000000074d200000| Untracked 
|  62|0x000000074d400000, 0x000000074d400000, 0x000000074d600000|  0%| F|  |TAMS 0x000000074d400000, 0x000000074d400000| Untracked 
|  63|0x000000074d600000, 0x000000074d600000, 0x000000074d800000|  0%| F|  |TAMS 0x000000074d600000, 0x000000074d600000| Untracked 
|  64|0x000000074d800000, 0x000000074d800000, 0x000000074da00000|  0%| F|  |TAMS 0x000000074d800000, 0x000000074d800000| Untracked 
|  65|0x000000074da00000, 0x000000074da00000, 0x000000074dc00000|  0%| F|  |TAMS 0x000000074da00000, 0x000000074da00000| Untracked 
|  66|0x000000074dc00000, 0x000000074dc00000, 0x000000074de00000|  0%| F|  |TAMS 0x000000074dc00000, 0x000000074dc00000| Untracked 
|  67|0x000000074de00000, 0x000000074de00000, 0x000000074e000000|  0%| F|  |TAMS 0x000000074de00000, 0x000000074de00000| Untracked 
|  68|0x000000074e000000, 0x000000074e000000, 0x000000074e200000|  0%| F|  |TAMS 0x000000074e000000, 0x000000074e000000| Untracked 
|  69|0x000000074e200000, 0x000000074e200000, 0x000000074e400000|  0%| F|  |TAMS 0x000000074e200000, 0x000000074e200000| Untracked 
|  70|0x000000074e400000, 0x000000074e400000, 0x000000074e600000|  0%| F|  |TAMS 0x000000074e400000, 0x000000074e400000| Untracked 
|  71|0x000000074e600000, 0x000000074e600000, 0x000000074e800000|  0%| F|  |TAMS 0x000000074e600000, 0x000000074e600000| Untracked 
|  72|0x000000074e800000, 0x000000074e800000, 0x000000074ea00000|  0%| F|  |TAMS 0x000000074e800000, 0x000000074e800000| Untracked 
|  73|0x000000074ea00000, 0x000000074ea00000, 0x000000074ec00000|  0%| F|  |TAMS 0x000000074ea00000, 0x000000074ea00000| Untracked 
|  74|0x000000074ec00000, 0x000000074ec00000, 0x000000074ee00000|  0%| F|  |TAMS 0x000000074ec00000, 0x000000074ec00000| Untracked 
|  75|0x000000074ee00000, 0x000000074ee00000, 0x000000074f000000|  0%| F|  |TAMS 0x000000074ee00000, 0x000000074ee00000| Untracked 
|  76|0x000000074f000000, 0x000000074f000000, 0x000000074f200000|  0%| F|  |TAMS 0x000000074f000000, 0x000000074f000000| Untracked 
|  77|0x000000074f200000, 0x000000074f200000, 0x000000074f400000|  0%| F|  |TAMS 0x000000074f200000, 0x000000074f200000| Untracked 
|  78|0x000000074f400000, 0x000000074f400000, 0x000000074f600000|  0%| F|  |TAMS 0x000000074f400000, 0x000000074f400000| Untracked 
|  79|0x000000074f600000, 0x000000074f600000, 0x000000074f800000|  0%| F|  |TAMS 0x000000074f600000, 0x000000074f600000| Untracked 
|  80|0x000000074f800000, 0x000000074f800000, 0x000000074fa00000|  0%| F|  |TAMS 0x000000074f800000, 0x000000074f800000| Untracked 
|  81|0x000000074fa00000, 0x000000074fa00000, 0x000000074fc00000|  0%| F|  |TAMS 0x000000074fa00000, 0x000000074fa00000| Untracked 
|  82|0x000000074fc00000, 0x000000074fc00000, 0x000000074fe00000|  0%| F|  |TAMS 0x000000074fc00000, 0x000000074fc00000| Untracked 
|  83|0x000000074fe00000, 0x000000074fe00000, 0x0000000750000000|  0%| F|  |TAMS 0x000000074fe00000, 0x000000074fe00000| Untracked 
|  84|0x0000000750000000, 0x0000000750000000, 0x0000000750200000|  0%| F|  |TAMS 0x0000000750000000, 0x0000000750000000| Untracked 
|  85|0x0000000750200000, 0x00000007502e1ca8, 0x0000000750400000| 44%| E|  |TAMS 0x0000000750200000, 0x0000000750200000| Complete 
|  86|0x0000000750400000, 0x0000000750600000, 0x0000000750600000|100%| E|CS|TAMS 0x0000000750400000, 0x0000000750400000| Complete 
|  87|0x0000000750600000, 0x0000000750800000, 0x0000000750800000|100%| E|CS|TAMS 0x0000000750600000, 0x0000000750600000| Complete 
|  88|0x0000000750800000, 0x0000000750a00000, 0x0000000750a00000|100%| E|CS|TAMS 0x0000000750800000, 0x0000000750800000| Complete 
|  89|0x0000000750a00000, 0x0000000750c00000, 0x0000000750c00000|100%| E|CS|TAMS 0x0000000750a00000, 0x0000000750a00000| Complete 
|  90|0x0000000750c00000, 0x0000000750e00000, 0x0000000750e00000|100%| E|CS|TAMS 0x0000000750c00000, 0x0000000750c00000| Complete 
|  91|0x0000000750e00000, 0x0000000751000000, 0x0000000751000000|100%| E|CS|TAMS 0x0000000750e00000, 0x0000000750e00000| Complete 
|  92|0x0000000751000000, 0x0000000751200000, 0x0000000751200000|100%| E|CS|TAMS 0x0000000751000000, 0x0000000751000000| Complete 
|  93|0x0000000751200000, 0x0000000751400000, 0x0000000751400000|100%| E|CS|TAMS 0x0000000751200000, 0x0000000751200000| Complete 

Card table byte_map: [0x000001abd4990000,0x000001abd4f70000] _byte_map_base: 0x000001abd0f64000

Marking Bits (Prev, Next): (CMBitMap*) 0x000001abbb921560, (CMBitMap*) 0x000001abbb9215a0
 Prev Bits: [0x000001abd5550000, 0x000001abd83f0000)
 Next Bits: [0x000001abd83f0000, 0x000001abdb290000)

Polling page: 0x000001abbb9a0000

Metaspace:

Usage:
  Non-class:      5.90 MB used.
      Class:    694.88 KB used.
       Both:      6.57 MB used.

Virtual space:
  Non-class space:        8.00 MB reserved,       6.00 MB ( 75%) committed,  1 nodes.
      Class space:        1.00 GB reserved,     832.00 KB ( <1%) committed,  1 nodes.
             Both:        1.01 GB reserved,       6.81 MB ( <1%) committed. 

Chunk freelists:
   Non-Class:  2.02 MB
       Class:  3.24 MB
        Both:  5.26 MB

MaxMetaspaceSize: unlimited
CompressedClassSpaceSize: 1.00 GB
Initial GC threshold: 21.00 MB
Current GC threshold: 21.00 MB
CDS: on
MetaspaceReclaimPolicy: balanced
 - commit_granule_bytes: 65536.
 - commit_granule_words: 8192.
 - virtual_space_node_default_size: 1048576.
 - enlarge_chunks_in_place: 1.
 - new_chunks_are_fully_committed: 0.
 - uncommit_free_chunks: 1.
 - use_allocation_guard: 0.
 - handle_deallocations: 1.


Internal statistics:

num_allocs_failed_limit: 0.
num_arena_births: 106.
num_arena_deaths: 0.
num_vsnodes_births: 2.
num_vsnodes_deaths: 0.
num_space_committed: 109.
num_space_uncommitted: 0.
num_chunks_returned_to_freelist: 0.
num_chunks_taken_from_freelist: 148.
num_chunk_merges: 0.
num_chunk_splits: 79.
num_chunks_enlarged: 21.
num_purges: 0.
num_inconsistent_stats: 0.

CodeHeap 'non-profiled nmethods': size=120000Kb used=340Kb max_used=340Kb free=119659Kb
 bounds [0x000001abcc3f0000, 0x000001abcc660000, 0x000001abd3920000]
CodeHeap 'profiled nmethods': size=120000Kb used=2101Kb max_used=2101Kb free=117898Kb
 bounds [0x000001abc4920000, 0x000001abc4b90000, 0x000001abcbe50000]
CodeHeap 'non-nmethods': size=5760Kb used=1254Kb max_used=1277Kb free=4505Kb
 bounds [0x000001abcbe50000, 0x000001abcc0c0000, 0x000001abcc3f0000]
 total_blobs=1840 nmethods=1278 adapters=475
 compilation: enabled
              stopped_count=0, restarted_count=0
 full_count=0

Compilation events (20 events):
Event: 296097.075 Thread 0x000001abddd5abd0 nmethod 1268 0x000001abc4b28610 code [0x000001abc4b28840, 0x000001abc4b28ff8]
Event: 296097.117 Thread 0x000001abddd592c0 1269   !   4       sun.awt.AppContext::get (123 bytes)
Event: 296097.145 Thread 0x000001abddd592c0 nmethod 1269 0x000001abcc442590 code [0x000001abcc442760, 0x000001abcc443638]
Event: 363439.459 Thread 0x000001abddd5abd0 1270       3       java.lang.invoke.DirectMethodHandle::allocateInstance (16 bytes)
Event: 363439.461 Thread 0x000001abddd5abd0 nmethod 1270 0x000001abc4b29290 code [0x000001abc4b29440, 0x000001abc4b29668]
Event: 363439.461 Thread 0x000001abddd5abd0 1272       3       java.lang.invoke.DirectMethodHandle::constructorMethod (10 bytes)
Event: 363439.462 Thread 0x000001abddd5abd0 nmethod 1272 0x000001abc4b29790 code [0x000001abc4b29920, 0x000001abc4b29b18]
Event: 363439.462 Thread 0x000001abddd5abd0 1273       3       java.util.HashMap::<init> (98 bytes)
Event: 363439.472 Thread 0x000001abddd5abd0 nmethod 1273 0x000001abc4b29c10 code [0x000001abc4b29f40, 0x000001abc4b2aee8]
Event: 376133.477 Thread 0x000001abddd5abd0 1274       3       java.util.concurrent.locks.AbstractQueuedSynchronizer::enqueue (60 bytes)
Event: 376133.479 Thread 0x000001abddd5abd0 nmethod 1274 0x000001abc4b2b410 code [0x000001abc4b2b600, 0x000001abc4b2bab8]
Event: 421961.246 Thread 0x000001abddd5abd0 1275       3       java.util.HashMap::<init> (8 bytes)
Event: 421961.247 Thread 0x000001abddd5abd0 nmethod 1275 0x000001abc4b2bc90 code [0x000001abc4b2be60, 0x000001abc4b2bfa8]
Event: 421961.247 Thread 0x000001abddd5abd0 1276       3       java.lang.Integer::numberOfLeadingZeros (79 bytes)
Event: 421961.247 Thread 0x000001abddd5abd0 nmethod 1276 0x000001abc4b2c090 code [0x000001abc4b2c240, 0x000001abc4b2c518]
Event: 472753.819 Thread 0x000001abddd5abd0 1277       3       java.util.ComparableTimSort::binarySort (223 bytes)
Event: 472753.820 Thread 0x000001abddd5abd0 nmethod 1277 0x000001abc4b2c590 code [0x000001abc4b2c7c0, 0x000001abc4b2d3f8]
Event: 472754.089 Thread 0x000001abddd592c0 1278       4       java.util.HashMap::putVal (300 bytes)
Event: 472754.112 Thread 0x000001abddd592c0 nmethod 1278 0x000001abcc444110 code [0x000001abcc444300, 0x000001abcc444de8]
Event: 472764.966 Thread 0x000001abddd592c0 1279       4       java.util.HashMap$KeyIterator::next (8 bytes)

GC Heap History (0 events):
No events

Deoptimization events (20 events):
Event: 0.376 Thread 0x000001abdebd3cf0 DEOPT PACKING pc=0x000001abc492f567 sp=0x0000001425afcd40
Event: 0.376 Thread 0x000001abdebd3cf0 DEOPT UNPACKING pc=0x000001abcbea66e3 sp=0x0000001425afc160 mode 0
Event: 0.401 Thread 0x000001abdebd3cf0 DEOPT PACKING pc=0x000001abc4926e51 sp=0x0000001425afcd90
Event: 0.401 Thread 0x000001abdebd3cf0 DEOPT UNPACKING pc=0x000001abcbea66e3 sp=0x0000001425afc208 mode 0
Event: 0.473 Thread 0x000001abdebd3cf0 Uncommon trap: trap_request=0xffffff45 fr.pc=0x000001abcc3fa434 relative=0x00000000000001b4
Event: 0.473 Thread 0x000001abdebd3cf0 Uncommon trap: reason=unstable_if action=reinterpret pc=0x000001abcc3fa434 method=java.lang.String.isLatin1()Z @ 10 c2
Event: 0.473 Thread 0x000001abdebd3cf0 DEOPT PACKING pc=0x000001abcc3fa434 sp=0x0000001425afcf70
Event: 0.473 Thread 0x000001abdebd3cf0 DEOPT UNPACKING pc=0x000001abcbea5ba3 sp=0x0000001425afcea0 mode 2
Event: 0.489 Thread 0x000001abdebd3cf0 Uncommon trap: trap_request=0xffffff45 fr.pc=0x000001abcc42cfdc relative=0x000000000000039c
Event: 0.489 Thread 0x000001abdebd3cf0 Uncommon trap: reason=unstable_if action=reinterpret pc=0x000001abcc42cfdc method=java.lang.Character.isSurrogate(C)Z @ 3 c2
Event: 0.489 Thread 0x000001abdebd3cf0 DEOPT PACKING pc=0x000001abcc42cfdc sp=0x0000001425afcc70
Event: 0.489 Thread 0x000001abdebd3cf0 DEOPT UNPACKING pc=0x000001abcbea5ba3 sp=0x0000001425afcb88 mode 2
Event: 0.520 Thread 0x000001abdebd3cf0 Uncommon trap: trap_request=0xffffffde fr.pc=0x000001abcc41de50 relative=0x0000000000000490
Event: 0.520 Thread 0x000001abdebd3cf0 Uncommon trap: reason=class_check action=maybe_recompile pc=0x000001abcc41de50 method=java.util.HashMap.getNode(Ljava/lang/Object;)Ljava/util/HashMap$Node; @ 63 c2
Event: 0.520 Thread 0x000001abdebd3cf0 DEOPT PACKING pc=0x000001abcc41de50 sp=0x0000001425afd620
Event: 0.520 Thread 0x000001abdebd3cf0 DEOPT UNPACKING pc=0x000001abcbea5ba3 sp=0x0000001425afd598 mode 2
Event: 1.164 Thread 0x000001abdebd3cf0 Uncommon trap: trap_request=0xffffffde fr.pc=0x000001abcc41de50 relative=0x0000000000000490
Event: 1.164 Thread 0x000001abdebd3cf0 Uncommon trap: reason=class_check action=maybe_recompile pc=0x000001abcc41de50 method=java.util.HashMap.getNode(Ljava/lang/Object;)Ljava/util/HashMap$Node; @ 63 c2
Event: 1.164 Thread 0x000001abdebd3cf0 DEOPT PACKING pc=0x000001abcc41de50 sp=0x0000001425afe220
Event: 1.164 Thread 0x000001abdebd3cf0 DEOPT UNPACKING pc=0x000001abcbea5ba3 sp=0x0000001425afe198 mode 2

Classes unloaded (0 events):
No events

Classes redefined (0 events):
No events

Internal exceptions (16 events):
Event: 0.067 Thread 0x000001abbb8cad20 Exception <a 'sun/nio/fs/WindowsException'{0x0000000751326540}> (0x0000000751326540) 
thrown [s\open\src\hotspot\share\prims\jni.cpp, line 516]
Event: 0.067 Thread 0x000001abbb8cad20 Exception <a 'sun/nio/fs/WindowsException'{0x0000000751326a70}> (0x0000000751326a70) 
thrown [s\open\src\hotspot\share\prims\jni.cpp, line 516]
Event: 0.068 Thread 0x000001abbb8cad20 Exception <a 'sun/nio/fs/WindowsException'{0x0000000751328d88}> (0x0000000751328d88) 
thrown [s\open\src\hotspot\share\prims\jni.cpp, line 516]
Event: 0.068 Thread 0x000001abbb8cad20 Exception <a 'sun/nio/fs/WindowsException'{0x0000000751329818}> (0x0000000751329818) 
thrown [s\open\src\hotspot\share\prims\jni.cpp, line 516]
Event: 0.099 Thread 0x000001abbb8cad20 Exception <a 'java/lang/ClassNotFoundException'{0x000000075106b688}: sun/awt/resources/spi/awtProvider> (0x000000075106b688) 
thrown [s\open\src\hotspot\share\classfile\systemDictionary.cpp, line 256]
Event: 0.116 Thread 0x000001abbb8cad20 Exception <a 'java/io/FileNotFoundException'{0x00000007510bddf8}> (0x00000007510bddf8) 
thrown [s\open\src\hotspot\share\prims\jni.cpp, line 516]
Event: 0.121 Thread 0x000001abbb8cad20 Exception <a 'java/io/FileNotFoundException'{0x00000007510eaf30}> (0x00000007510eaf30) 
thrown [s\open\src\hotspot\share\prims\jni.cpp, line 516]
Event: 0.152 Thread 0x000001abbb8cad20 Exception <a 'java/lang/NoSuchMethodError'{0x000000075112f168}: 'java.lang.Object java.lang.invoke.DirectMethodHandle$Holder.invokeStaticInit(java.lang.Object)'> (0x000000075112f168) 
thrown [s\open\src\hotspot\share\interpreter\linkResolver.cpp, line 759]
Event: 0.186 Thread 0x000001abbb8cad20 Exception <a 'java/lang/NoSuchMethodError'{0x00000007511e9768}: 'void java.lang.invoke.DirectMethodHandle$Holder.invokeSpecial(java.lang.Object, java.lang.Object, java.lang.Object)'> (0x00000007511e9768) 
thrown [s\open\src\hotspot\share\interpreter\linkResolver.cpp, line 759]
Event: 0.192 Thread 0x000001abbb8cad20 Exception <a 'java/lang/NoSuchMethodError'{0x0000000750e13e70}: 'java.lang.Object java.lang.invoke.DirectMethodHandle$Holder.newInvokeSpecial(java.lang.Object, java.lang.Object, java.lang.Object, java.lang.Object, java.lang.Object)'> (0x0000000750e13e70) 
thrown [s\open\src\hotspot\share\interpreter\linkResolver.cpp, line 759]
Event: 0.194 Thread 0x000001abbb8cad20 Exception <a 'java/lang/NoSuchMethodError'{0x0000000750e1f838}: 'java.lang.Object java.lang.invoke.DirectMethodHandle$Holder.invokeStatic(java.lang.Object, int, java.lang.Object, java.lang.Object, java.lang.Object, java.lang.Object)'> (0x0000000750e1f838) 
thrown [s\open\src\hotspot\share\interpreter\linkResolver.cpp, line 759]
Event: 0.201 Thread 0x000001abbb8cad20 Exception <a 'java/lang/NoSuchMethodError'{0x0000000750e44ff8}: 'java.lang.Object java.lang.invoke.DirectMethodHandle$Holder.invokeStatic(java.lang.Object, int, java.lang.Object)'> (0x0000000750e44ff8) 
thrown [s\open\src\hotspot\share\interpreter\linkResolver.cpp, line 759]
Event: 0.221 Thread 0x000001abbb8cad20 Exception <a 'java/lang/ClassNotFoundException'{0x0000000750efccb0}: com/sun/swing/internal/plaf/metal/resources/spi/metalProvider> (0x0000000750efccb0) 
thrown [s\open\src\hotspot\share\classfile\systemDictionary.cpp, line 256]
Event: 0.221 Thread 0x000001abbb8cad20 Exception <a 'java/lang/ClassNotFoundException'{0x0000000750f00b08}: com/sun/swing/internal/plaf/basic/resources/spi/basicProvider> (0x0000000750f00b08) 
thrown [s\open\src\hotspot\share\classfile\systemDictionary.cpp, line 256]
Event: 0.235 Thread 0x000001abdeb62bd0 Exception <a 'java/lang/NoSuchMethodError'{0x0000000751163bb0}: 'void java.lang.invoke.DirectMethodHandle$Holder.invokeVirtual(java.lang.Object, java.lang.Object)'> (0x0000000751163bb0) 
thrown [s\open\src\hotspot\share\interpreter\linkResolver.cpp, line 759]
Event: 0.249 Thread 0x000001abbb8cad20 Exception <a 'java/lang/NoSuchMethodError'{0x0000000750f3c3b8}: 'void java.lang.invoke.DirectMethodHandle$Holder.invokeStaticInit(java.lang.Object)'> (0x0000000750f3c3b8) 
thrown [s\open\src\hotspot\share\interpreter\linkResolver.cpp, line 759]

VM Operations (20 events):
Event: 11.598 Executing VM operation: Cleanup
Event: 11.598 Executing VM operation: Cleanup done
Event: 12.603 Executing VM operation: Cleanup
Event: 12.603 Executing VM operation: Cleanup done
Event: 18.651 Executing VM operation: Cleanup
Event: 18.651 Executing VM operation: Cleanup done
Event: 344.289 Executing VM operation: Cleanup
Event: 344.289 Executing VM operation: Cleanup done
Event: 345.301 Executing VM operation: Cleanup
Event: 345.301 Executing VM operation: Cleanup done
Event: 1812.168 Executing VM operation: Cleanup
Event: 1812.168 Executing VM operation: Cleanup done
Event: 7773.179 Executing VM operation: Cleanup
Event: 7773.180 Executing VM operation: Cleanup done
Event: 166469.647 Executing VM operation: Cleanup
Event: 166469.649 Executing VM operation: Cleanup done
Event: 472753.940 Executing VM operation: Cleanup
Event: 472753.947 Executing VM operation: Cleanup done
Event: 472754.954 Executing VM operation: Cleanup
Event: 472754.954 Executing VM operation: Cleanup done

Events (20 events):
Event: 1.164 loading class java/applet/Applet done
Event: 1.164 loading class javax/swing/KeyboardManager
Event: 1.164 loading class javax/swing/KeyboardManager done
Event: 1.164 loading class javax/swing/Popup$HeavyWeightWindow
Event: 1.164 loading class sun/awt/ModalExclude
Event: 1.164 loading class sun/awt/ModalExclude done
Event: 1.164 loading class javax/swing/JWindow
Event: 1.164 loading class javax/swing/JWindow done
Event: 1.164 loading class javax/swing/Popup$HeavyWeightWindow done
Event: 1.534 Thread 0x000001abde97e9c0 Thread exited: 0x000001abde97e9c0
Event: 20873.129 loading class java/awt/desktop/SystemSleepListener
Event: 20873.130 loading class java/awt/desktop/SystemEventListener
Event: 20873.130 loading class java/awt/desktop/SystemEventListener done
Event: 20873.130 loading class java/awt/desktop/SystemSleepListener done
Event: 472754.120 loading class java/util/WeakHashMap$KeyIterator
Event: 472754.121 loading class java/util/WeakHashMap$HashIterator
Event: 472754.121 loading class java/util/WeakHashMap$HashIterator done
Event: 472754.121 loading class java/util/WeakHashMap$KeyIterator done
Event: 472754.126 loading class javax/swing/RepaintManager$DisplayChangedRunnable
Event: 472754.129 loading class javax/swing/RepaintManager$DisplayChangedRunnable done


Dynamic libraries:
0x00007ff7cf3c0000 - 0x00007ff7cf3d0000 	C:\Program Files\Java\jdk-17\bin\java.exe
0x00007ff85d1b0000 - 0x00007ff85d3c4000 	C:\windows\SYSTEM32\ntdll.dll
0x00007ff85b810000 - 0x00007ff85b8d2000 	C:\windows\System32\KERNEL32.DLL
0x00007ff85a620000 - 0x00007ff85a9c3000 	C:\windows\System32\KERNELBASE.dll
0x00007ff85ac50000 - 0x00007ff85ad61000 	C:\windows\System32\ucrtbase.dll
0x00007ff856440000 - 0x00007ff85645b000 	C:\Program Files\Java\jdk-17\bin\VCRUNTIME140.dll
0x00007ff856400000 - 0x00007ff856419000 	C:\Program Files\Java\jdk-17\bin\jli.dll
0x00007ff85b5e0000 - 0x00007ff85b68e000 	C:\windows\System32\ADVAPI32.dll
0x00007ff85c1e0000 - 0x00007ff85c287000 	C:\windows\System32\msvcrt.dll
0x00007ff85c430000 - 0x00007ff85c4d4000 	C:\windows\System32\sechost.dll
0x00007ff85c290000 - 0x00007ff85c3a7000 	C:\windows\System32\RPCRT4.dll
0x00007ff85c4f0000 - 0x00007ff85c69a000 	C:\windows\System32\USER32.dll
0x00007ff85aee0000 - 0x00007ff85af06000 	C:\windows\System32\win32u.dll
0x00007ff859900000 - 0x00007ff859b8e000 	C:\windows\WinSxS\amd64_microsoft.windows.common-controls_6595b64144ccf1df_6.0.22621.1635_none_270f70857386168e\COMCTL32.dll
0x00007ff85ce90000 - 0x00007ff85ceb9000 	C:\windows\System32\GDI32.dll
0x00007ff85a9d0000 - 0x00007ff85aae9000 	C:\windows\System32\gdi32full.dll
0x00007ff85aaf0000 - 0x00007ff85ab8a000 	C:\windows\System32\msvcp_win.dll
0x00007ff8582e0000 - 0x00007ff8582ea000 	C:\windows\SYSTEM32\VERSION.dll
0x00007ff85b990000 - 0x00007ff85b9c1000 	C:\windows\System32\IMM32.DLL
0x00007ff858f60000 - 0x00007ff858f6c000 	C:\Program Files\Java\jdk-17\bin\vcruntime140_1.dll
0x00007ff836540000 - 0x00007ff8365ce000 	C:\Program Files\Java\jdk-17\bin\msvcp140.dll
0x00007fffde850000 - 0x00007fffdf42d000 	C:\Program Files\Java\jdk-17\bin\server\jvm.dll
0x00007ff85d080000 - 0x00007ff85d088000 	C:\windows\System32\PSAPI.DLL
0x00007ff8387e0000 - 0x00007ff8387e9000 	C:\windows\SYSTEM32\WSOCK32.dll
0x00007ff8507a0000 - 0x00007ff8507d4000 	C:\windows\SYSTEM32\WINMM.dll
0x00007ff85c3b0000 - 0x00007ff85c421000 	C:\windows\System32\WS2_32.dll
0x00007ff858700000 - 0x00007ff858718000 	C:\windows\SYSTEM32\kernel.appcore.dll
0x00007ff858f40000 - 0x00007ff858f4a000 	C:\Program Files\Java\jdk-17\bin\jimage.dll
0x00007ff859f30000 - 0x00007ff85a15e000 	C:\windows\SYSTEM32\DBGHELP.DLL
0x00007ff85b0c0000 - 0x00007ff85b449000 	C:\windows\System32\combase.dll
0x00007ff85d090000 - 0x00007ff85d167000 	C:\windows\System32\OLEAUT32.dll
0x00007ff859d80000 - 0x00007ff859db2000 	C:\windows\SYSTEM32\dbgcore.DLL
0x00007ff85af10000 - 0x00007ff85af8a000 	C:\windows\System32\bcryptPrimitives.dll
0x00007ff83bef0000 - 0x00007ff83bf15000 	C:\Program Files\Java\jdk-17\bin\java.dll
0x00007ff836310000 - 0x00007ff8363e7000 	C:\Program Files\Java\jdk-17\bin\jsvml.dll
0x00007ff85b9e0000 - 0x00007ff85c1d9000 	C:\windows\System32\SHELL32.dll
0x00007ff857390000 - 0x00007ff857c5e000 	C:\windows\SYSTEM32\windows.storage.dll
0x00007ff857250000 - 0x00007ff85738e000 	C:\windows\SYSTEM32\wintypes.dll
0x00007ff85c6a0000 - 0x00007ff85c791000 	C:\windows\System32\SHCORE.dll
0x00007ff85b580000 - 0x00007ff85b5de000 	C:\windows\System32\shlwapi.dll
0x00007ff85a4e0000 - 0x00007ff85a506000 	C:\windows\SYSTEM32\profapi.dll
0x00007ff83bfa0000 - 0x00007ff83bfb9000 	C:\Program Files\Java\jdk-17\bin\net.dll
0x00007ff853340000 - 0x00007ff853477000 	C:\windows\SYSTEM32\WINHTTP.dll
0x00007ff858b40000 - 0x00007ff858ba9000 	C:\windows\system32\mswsock.dll
0x00007ff83bf70000 - 0x00007ff83bf86000 	C:\Program Files\Java\jdk-17\bin\nio.dll
0x00007ff83aab0000 - 0x00007ff83aac8000 	C:\Program Files\Java\jdk-17\bin\zip.dll
0x00007ff813dc0000 - 0x00007ff813f51000 	C:\Program Files\Java\jdk-17\bin\awt.dll
0x00007ff856650000 - 0x00007ff8566e7000 	C:\windows\SYSTEM32\apphelp.dll
0x00007ff856a50000 - 0x00007ff856a7b000 	C:\windows\system32\DWMAPI.DLL
0x00007ff8567e0000 - 0x00007ff85688b000 	C:\windows\system32\uxtheme.dll
0x00007ff83a490000 - 0x00007ff83a590000 	C:\windows\system32\opengl32.dll
0x00007ff83a420000 - 0x00007ff83a44d000 	C:\windows\SYSTEM32\GLU32.dll
0x00007ff856900000 - 0x00007ff856938000 	C:\windows\SYSTEM32\dxcore.dll
0x00007ff85af90000 - 0x00007ff85b0b7000 	C:\windows\System32\MSCTF.dll
0x00007ff85cc90000 - 0x00007ff85ce2c000 	C:\windows\System32\ole32.dll
0x00007ff836200000 - 0x00007ff836286000 	C:\Program Files\Java\jdk-17\bin\freetype.dll
0x00007ff82d120000 - 0x00007ff82d1e5000 	C:\Program Files\Java\jdk-17\bin\fontmanager.dll
0x00007ff84eff0000 - 0x00007ff84f11d000 	C:\windows\SYSTEM32\textinputframework.dll
0x00007ff8564c0000 - 0x00007ff8565f3000 	C:\windows\SYSTEM32\CoreMessaging.dll
0x00007ff851790000 - 0x00007ff851afc000 	C:\windows\SYSTEM32\CoreUIComponents.dll
0x00007ff859760000 - 0x00007ff85976c000 	C:\windows\SYSTEM32\CRYPTBASE.DLL

dbghelp: loaded successfully - version: 4.0.5 - missing functions: none
symbol engine: initialized successfully - sym options: 0x614 - pdb path: .;C:\Program Files\Java\jdk-17\bin;C:\windows\SYSTEM32;C:\windows\WinSxS\amd64_microsoft.windows.common-controls_6595b64144ccf1df_6.0.22621.1635_none_270f70857386168e;C:\Program Files\Java\jdk-17\bin\server

VM Arguments:
jvm_args: -Dfile.encoding=UTF-8 --module-path=C:\Users\ryanm\NetBeansProjects\Bank management system\build\classes 
java_command: bank.management.system.SignupThree
java_class_path (initial): C:\Users\ryanm\Downloads\jcalendar-1.4\lib\jcalendar-1.4.jar;C:\Users\ryanm\Downloads\mysql-connector-j-8.1.0\mysql-connector-j-8.1.0\mysql-connector-j-8.1.0.jar;C:\Users\ryanm\NetBeansProjects\Bank management system\build\classes
Launcher Type: SUN_STANDARD

[Global flags]
     intx CICompilerCount                          = 4                                         {product} {ergonomic}
     uint ConcGCThreads                            = 2                                         {product} {ergonomic}
     uint G1ConcRefinementThreads                  = 8                                         {product} {ergonomic}
   size_t G1HeapRegionSize                         = 2097152                                   {product} {ergonomic}
    uintx GCDrainStackTargetSize                   = 64                                        {product} {ergonomic}
   size_t InitialHeapSize                          = 197132288                                 {product} {ergonomic}
   size_t MarkStackSize                            = 4194304                                   {product} {ergonomic}
   size_t MaxHeapSize                              = 3128950784                                {product} {ergonomic}
   size_t MaxNewSize                               = 1876951040                                {product} {ergonomic}
   size_t MinHeapDeltaBytes                        = 2097152                                   {product} {ergonomic}
   size_t MinHeapSize                              = 8388608                                   {product} {ergonomic}
    uintx NonNMethodCodeHeapSize                   = 5839372                                {pd product} {ergonomic}
    uintx NonProfiledCodeHeapSize                  = 122909434                              {pd product} {ergonomic}
    uintx ProfiledCodeHeapSize                     = 122909434                              {pd product} {ergonomic}
    uintx ReservedCodeCacheSize                    = 251658240                              {pd product} {ergonomic}
     bool SegmentedCodeCache                       = true                                      {product} {ergonomic}
   size_t SoftMaxHeapSize                          = 3128950784                             {manageable} {ergonomic}
     bool UseCompressedClassPointers               = true                           {product lp64_product} {ergonomic}
     bool UseCompressedOops                        = true                           {product lp64_product} {ergonomic}
     bool UseG1GC                                  = true                                      {product} {ergonomic}
     bool UseLargePagesIndividualAllocation        = false                                  {pd product} {ergonomic}

Logging:
Log output configuration:
 #0: stdout all=warning uptime,level,tags
 #1: stderr all=off uptime,level,tags

Environment Variables:
PATH=C:\Program Files\Common Files\Oracle\Java\javapath;C:\Program Files (x86)\Common Files\Oracle\Java\javapath;C:\windows\system32;C:\windows;C:\windows\System32\Wbem;C:\windows\System32\WindowsPowerShell\v1.0\;C:\windows\System32\OpenSSH\;C:\Program Files\Microsoft SQL Server\Client SDK\ODBC\170\Tools\Binn\;C:\Program Files\dotnet\;C:\Program Files\Git\cmd;C:\Program Files\MySQL\MySQL Shell 8.0\bin\;C:\Users\ryanm\AppData\Local\Microsoft\WindowsApps;C:\Users\ryanm\.dotnet\tools;C:\Users\ryanm\AppData\Local\GitHubDesktop\bin
USERNAME=ryanm
OS=Windows_NT
PROCESSOR_IDENTIFIER=Intel64 Family 6 Model 140 Stepping 2, GenuineIntel



---------------  S Y S T E M  ---------------

OS:
 Windows 11 , 64 bit Build 22621 (10.0.22621.1928)
OS uptime: 8 days 6:40 hours
Hyper-V role detected

CPU: total 8 (initial active 8) (4 cores per cpu, 2 threads per core) family 6 model 140 stepping 2 microcode 0x28, cx8, cmov, fxsr, ht, mmx, 3dnowpref, sse, sse2, sse3, ssse3, sse4.1, sse4.2, popcnt, lzcnt, tsc, tscinvbit, avx, avx2, aes, erms, clmul, bmi1, bmi2, adx, avx512f, avx512dq, avx512cd, avx512bw, avx512vl, sha, fma, vzeroupper, avx512_vpopcntdq, avx512_vpclmulqdq, avx512_vaes, avx512_vnni, clflush, clflushopt, clwb, avx512_vbmi2, avx512_vbmi, hv

Memory: 4k page, system-wide physical 11930M (2034M free)
TotalPageFile size 42347M (AvailPageFile size 4M)
current process WorkingSet (physical memory assigned to process): 24M, peak: 66M
current process commit charge ("private bytes"): 282M, peak: 283M

vm_info: Java HotSpot(TM) 64-Bit Server VM (17.0.7+8-LTS-224) for windows-amd64 JRE (17.0.7+8-LTS-224), built on Feb 28 2023 23:03:02 by "mach5one" with MS VC++ 17.1 (VS2022)

END.
