#
# There is insufficient memory for the Java Runtime Environment to continue.
# Native memory allocation (mmap) failed to map 197132288 bytes for G1 virtual space
# Possible reasons:
#   The system is out of physical RAM or swap space
#   The process is running with CompressedOops enabled, and the Java Heap may be blocking the growth of the native heap
# Possible solutions:
#   Reduce memory load on the system
#   Increase physical memory or swap space
#   Check if swap backing store is full
#   Decrease Java heap size (-Xmx/-Xms)
#   Decrease number of Java threads
#   Decrease Java thread stack sizes (-Xss)
#   Set larger code cache with -XX:ReservedCodeCacheSize=
#   JVM is running with Zero Based Compressed Oops mode in which the Java heap is
#     placed in the first 32GB address space. The Java Heap base address is the
#     maximum limit for the native heap growth. Please use -XX:HeapBaseMinAddress
#     to set the Java Heap base and to place the Java Heap above 32GB virtual address.
# This output file may be truncated or incomplete.
#
#  Out of Memory Error (os_windows.cpp:3550), pid=16048, tid=5200
#
# JRE version:  (17.0.7+8) (build )
# Java VM: Java HotSpot(TM) 64-Bit Server VM (17.0.7+8-LTS-224, mixed mode, sharing, tiered, compressed oops, compressed class ptrs, g1 gc, windows-amd64)
# No core dump will be written. Minidumps are not enabled by default on client versions of Windows
#

---------------  S U M M A R Y ------------

Command Line: -Dfile.encoding=UTF-8 --module-path=C:\Users\ryanm\NetBeansProjects\Bank management system\build\classes bank.management.system.SignupThree

Host: 11th Gen Intel(R) Core(TM) i5-1155G7 @ 2.50GHz, 8 cores, 11G,  Windows 11 , 64 bit Build 22621 (10.0.22621.1928)
Time: Sun Aug 13 03:15:14 2023 Eastern Daylight Time elapsed time: 0.026146 seconds (0d 0h 0m 0s)

---------------  T H R E A D  ---------------

Current thread (0x000001d019bda510):  JavaThread "Unknown thread" [_thread_in_vm, id=5200, stack(0x0000002b5c400000,0x0000002b5c500000)]

Stack: [0x0000002b5c400000,0x0000002b5c500000]
Native frames: (J=compiled Java code, j=interpreted, Vv=VM code, C=native code)
V  [jvm.dll+0x676a4a]
V  [jvm.dll+0x7d74f4]
V  [jvm.dll+0x7d8c9e]
V  [jvm.dll+0x7d9303]
V  [jvm.dll+0x2452c5]
V  [jvm.dll+0x6738f9]
V  [jvm.dll+0x668232]
V  [jvm.dll+0x302826]
V  [jvm.dll+0x309da6]
V  [jvm.dll+0x35952e]
V  [jvm.dll+0x35975f]
V  [jvm.dll+0x2d9a38]
V  [jvm.dll+0x2da9a4]
V  [jvm.dll+0x7a8fb1]
V  [jvm.dll+0x3670e1]
V  [jvm.dll+0x788359]
V  [jvm.dll+0x3ea5ef]
V  [jvm.dll+0x3ec071]
C  [jli.dll+0x5297]
C  [ucrtbase.dll+0x29363]
C  [KERNEL32.DLL+0x126ad]
C  [ntdll.dll+0x5aa68]


---------------  P R O C E S S  ---------------

Threads class SMR info:
_java_thread_list=0x00007fffdf304998, length=0, elements={
}

Java Threads: ( => current thread )

Other Threads:
  0x000001d019c30170 GCTaskThread "GC Thread#0" [stack: 0x0000002b5c500000,0x0000002b5c600000] [id=23204]
  0x000001d019c3dca0 ConcurrentGCThread "G1 Main Marker" [stack: 0x0000002b5c600000,0x0000002b5c700000] [id=40636]
  0x000001d019c3e6b0 ConcurrentGCThread "G1 Conc#0" [stack: 0x0000002b5c700000,0x0000002b5c800000] [id=32820]

[error occurred during error reporting (printing all threads), id 0xc0000005, EXCEPTION_ACCESS_VIOLATION (0xc0000005) at pc=0x00007fffdeb3a697]

VM state: not at safepoint (not fully initialized)

VM Mutex/Monitor currently owned by a thread:  ([mutex/lock_event])
[0x000001d019bd4b60] Heap_lock - owner thread: 0x000001d019bda510

Heap address: 0x0000000745800000, size: 2984 MB, Compressed Oops mode: Zero based, Oop shift amount: 3

CDS archive(s) mapped at: [0x0000000000000000-0x0000000000000000-0x0000000000000000), size 0, SharedBaseAddress: 0x0000000800000000, ArchiveRelocationMode: 0.
Narrow klass base: 0x0000000000000000, Narrow klass shift: 0, Narrow klass range: 0x0

GC Precious Log:
<Empty>

Heap:
 garbage-first heap   total 0K, used 0K [0x0000000745800000, 0x0000000800000000)
  region size 2048K, 0 young (0K), 0 survivors (0K)

[error occurred during error reporting (printing heap information), id 0xc0000005, EXCEPTION_ACCESS_VIOLATION (0xc0000005) at pc=0x00007fffdef200b9]

GC Heap History (0 events):
No events

Deoptimization events (0 events):
No events

Classes unloaded (0 events):
No events

Classes redefined (0 events):
No events

Internal exceptions (0 events):
No events

VM Operations (0 events):
No events

Events (1 events):
Event: 0.019 Loaded shared library C:\Program Files\Java\jdk-17\bin\java.dll


Dynamic libraries:
0x00007ff7cf3c0000 - 0x00007ff7cf3d0000 	C:\Program Files\Java\jdk-17\bin\java.exe
0x00007ff85d1b0000 - 0x00007ff85d3c4000 	C:\windows\SYSTEM32\ntdll.dll
0x00007ff85b810000 - 0x00007ff85b8d2000 	C:\windows\System32\KERNEL32.DLL
0x00007ff85a620000 - 0x00007ff85a9c3000 	C:\windows\System32\KERNELBASE.dll
0x00007ff85ac50000 - 0x00007ff85ad61000 	C:\windows\System32\ucrtbase.dll
0x00007ff856440000 - 0x00007ff85645b000 	C:\Program Files\Java\jdk-17\bin\VCRUNTIME140.dll
0x00007ff856400000 - 0x00007ff856419000 	C:\Program Files\Java\jdk-17\bin\jli.dll
0x00007ff85b5e0000 - 0x00007ff85b68e000 	C:\windows\System32\ADVAPI32.dll
0x00007ff85c1e0000 - 0x00007ff85c287000 	C:\windows\System32\msvcrt.dll
0x00007ff85c430000 - 0x00007ff85c4d4000 	C:\windows\System32\sechost.dll
0x00007ff85c290000 - 0x00007ff85c3a7000 	C:\windows\System32\RPCRT4.dll
0x00007ff85c4f0000 - 0x00007ff85c69a000 	C:\windows\System32\USER32.dll
0x00007ff85aee0000 - 0x00007ff85af06000 	C:\windows\System32\win32u.dll
0x00007ff859900000 - 0x00007ff859b8e000 	C:\windows\WinSxS\amd64_microsoft.windows.common-controls_6595b64144ccf1df_6.0.22621.1635_none_270f70857386168e\COMCTL32.dll
0x00007ff85ce90000 - 0x00007ff85ceb9000 	C:\windows\System32\GDI32.dll
0x00007ff85a9d0000 - 0x00007ff85aae9000 	C:\windows\System32\gdi32full.dll
0x00007ff85aaf0000 - 0x00007ff85ab8a000 	C:\windows\System32\msvcp_win.dll
0x00007ff8582e0000 - 0x00007ff8582ea000 	C:\windows\SYSTEM32\VERSION.dll
0x00007ff85b990000 - 0x00007ff85b9c1000 	C:\windows\System32\IMM32.DLL
0x00007ff858f60000 - 0x00007ff858f6c000 	C:\Program Files\Java\jdk-17\bin\vcruntime140_1.dll
0x00007ff836540000 - 0x00007ff8365ce000 	C:\Program Files\Java\jdk-17\bin\msvcp140.dll
0x00007fffde850000 - 0x00007fffdf42d000 	C:\Program Files\Java\jdk-17\bin\server\jvm.dll
0x00007ff85d080000 - 0x00007ff85d088000 	C:\windows\System32\PSAPI.DLL
0x00007ff8507a0000 - 0x00007ff8507d4000 	C:\windows\SYSTEM32\WINMM.dll
0x00007ff8387e0000 - 0x00007ff8387e9000 	C:\windows\SYSTEM32\WSOCK32.dll
0x00007ff85c3b0000 - 0x00007ff85c421000 	C:\windows\System32\WS2_32.dll
0x00007ff858700000 - 0x00007ff858718000 	C:\windows\SYSTEM32\kernel.appcore.dll
0x00007ff858f40000 - 0x00007ff858f4a000 	C:\Program Files\Java\jdk-17\bin\jimage.dll
0x00007ff859f30000 - 0x00007ff85a15e000 	C:\windows\SYSTEM32\DBGHELP.DLL
0x00007ff85b0c0000 - 0x00007ff85b449000 	C:\windows\System32\combase.dll
0x00007ff85d090000 - 0x00007ff85d167000 	C:\windows\System32\OLEAUT32.dll
0x00007ff859d80000 - 0x00007ff859db2000 	C:\windows\SYSTEM32\dbgcore.DLL
0x00007ff85af10000 - 0x00007ff85af8a000 	C:\windows\System32\bcryptPrimitives.dll
0x00007ff83bef0000 - 0x00007ff83bf15000 	C:\Program Files\Java\jdk-17\bin\java.dll

dbghelp: loaded successfully - version: 4.0.5 - missing functions: none
symbol engine: initialized successfully - sym options: 0x614 - pdb path: .;C:\Program Files\Java\jdk-17\bin;C:\windows\SYSTEM32;C:\windows\WinSxS\amd64_microsoft.windows.common-controls_6595b64144ccf1df_6.0.22621.1635_none_270f70857386168e;C:\Program Files\Java\jdk-17\bin\server

VM Arguments:
jvm_args: -Dfile.encoding=UTF-8 --module-path=C:\Users\ryanm\NetBeansProjects\Bank management system\build\classes 
java_command: bank.management.system.SignupThree
java_class_path (initial): C:\Users\ryanm\Downloads\jcalendar-1.4\lib\jcalendar-1.4.jar;C:\Users\ryanm\Downloads\mysql-connector-j-8.1.0\mysql-connector-j-8.1.0\mysql-connector-j-8.1.0.jar;C:\Users\ryanm\NetBeansProjects\Bank management system\build\classes
Launcher Type: SUN_STANDARD

[Global flags]
     intx CICompilerCount                          = 4                                         {product} {ergonomic}
     uint ConcGCThreads                            = 2                                         {product} {ergonomic}
     uint G1ConcRefinementThreads                  = 8                                         {product} {ergonomic}
   size_t G1HeapRegionSize                         = 2097152                                   {product} {ergonomic}
    uintx GCDrainStackTargetSize                   = 64                                        {product} {ergonomic}
   size_t InitialHeapSize                          = 197132288                                 {product} {ergonomic}
   size_t MarkStackSize                            = 4194304                                   {product} {ergonomic}
   size_t MaxHeapSize                              = 3128950784                                {product} {ergonomic}
   size_t MinHeapDeltaBytes                        = 2097152                                   {product} {ergonomic}
   size_t MinHeapSize                              = 8388608                                   {product} {ergonomic}
    uintx NonNMethodCodeHeapSize                   = 5839372                                {pd product} {ergonomic}
    uintx NonProfiledCodeHeapSize                  = 122909434                              {pd product} {ergonomic}
    uintx ProfiledCodeHeapSize                     = 122909434                              {pd product} {ergonomic}
    uintx ReservedCodeCacheSize                    = 251658240                              {pd product} {ergonomic}
     bool SegmentedCodeCache                       = true                                      {product} {ergonomic}
   size_t SoftMaxHeapSize                          = 3128950784                             {manageable} {ergonomic}
     bool UseCompressedClassPointers               = true                           {product lp64_product} {ergonomic}
     bool UseCompressedOops                        = true                           {product lp64_product} {ergonomic}
     bool UseG1GC                                  = true                                      {product} {ergonomic}
     bool UseLargePagesIndividualAllocation        = false                                  {pd product} {ergonomic}

Logging:
Log output configuration:
 #0: stdout all=warning uptime,level,tags
 #1: stderr all=off uptime,level,tags

Environment Variables:
PATH=C:\Program Files\Common Files\Oracle\Java\javapath;C:\Program Files (x86)\Common Files\Oracle\Java\javapath;C:\windows\system32;C:\windows;C:\windows\System32\Wbem;C:\windows\System32\WindowsPowerShell\v1.0\;C:\windows\System32\OpenSSH\;C:\Program Files\Microsoft SQL Server\Client SDK\ODBC\170\Tools\Binn\;C:\Program Files\dotnet\;C:\Program Files\Git\cmd;C:\Program Files\MySQL\MySQL Shell 8.0\bin\;C:\Users\ryanm\AppData\Local\Microsoft\WindowsApps;C:\Users\ryanm\.dotnet\tools;C:\Users\ryanm\AppData\Local\GitHubDesktop\bin
USERNAME=ryanm
OS=Windows_NT
PROCESSOR_IDENTIFIER=Intel64 Family 6 Model 140 Stepping 2, GenuineIntel



---------------  S Y S T E M  ---------------

OS:
 Windows 11 , 64 bit Build 22621 (10.0.22621.1928)
OS uptime: 7 days 7:11 hours
Hyper-V role detected

CPU: total 8 (initial active 8) (4 cores per cpu, 2 threads per core) family 6 model 140 stepping 2 microcode 0x28, cx8, cmov, fxsr, ht, mmx, 3dnowpref, sse, sse2, sse3, ssse3, sse4.1, sse4.2, popcnt, lzcnt, tsc, tscinvbit, avx, avx2, aes, erms, clmul, bmi1, bmi2, adx, avx512f, avx512dq, avx512cd, avx512bw, avx512vl, sha, fma, vzeroupper, avx512_vpopcntdq, avx512_vpclmulqdq, avx512_vaes, avx512_vnni, clflush, clflushopt, clwb, avx512_vbmi2, avx512_vbmi, hv

Memory: 4k page, system-wide physical 11930M (3159M free)
TotalPageFile size 42347M (AvailPageFile size 50M)
current process WorkingSet (physical memory assigned to process): 11M, peak: 11M
current process commit charge ("private bytes"): 60M, peak: 248M

vm_info: Java HotSpot(TM) 64-Bit Server VM (17.0.7+8-LTS-224) for windows-amd64 JRE (17.0.7+8-LTS-224), built on Feb 28 2023 23:03:02 by "mach5one" with MS VC++ 17.1 (VS2022)

END.
